# Legend: N(newborn) R(running) F(failed) K(killed) C(complete)
C leakage_power__ACQ_1 of AND2D1 T0 W1
C energy__IN1__lh__ACQ_1 of AND2D1 T1 W1
C energy__IN1__hl__ACQ_1 of AND2D1 T2 W1
C energy__IN2__lh__ACQ_1 of AND2D1 T3 W1
C energy__IN2__hl__ACQ_1 of AND2D1 T4 W1
C delay__IN1__lh__OUT__lh__ACQ_1 of AND2D1 T5 W1
C delay__IN1__hl__OUT__hl__ACQ_1 of AND2D1 T6 W1
C delay__IN2__lh__OUT__lh__ACQ_1 of AND2D1 T7 W1
C delay__IN2__hl__OUT__hl__ACQ_1 of AND2D1 T8 W1
C leakage_power__ACQ_1 of AND2D2 T9 W1
C energy__IN1__lh__ACQ_1 of AND2D2 T10 W1
C energy__IN1__hl__ACQ_1 of AND2D2 T11 W1
C energy__IN2__lh__ACQ_1 of AND2D2 T12 W1
C energy__IN2__hl__ACQ_1 of AND2D2 T13 W1
C delay__IN1__lh__OUT__lh__ACQ_1 of AND2D2 T14 W1
C delay__IN1__hl__OUT__hl__ACQ_1 of AND2D2 T15 W1
C delay__IN2__lh__OUT__lh__ACQ_1 of AND2D2 T16 W1
C delay__IN2__hl__OUT__hl__ACQ_1 of AND2D2 T17 W1
C leakage_power__ACQ_1 of AND2D4 T18 W1
C energy__IN1__lh__ACQ_1 of AND2D4 T19 W1
C energy__IN1__hl__ACQ_1 of AND2D4 T20 W1
C energy__IN2__lh__ACQ_1 of AND2D4 T21 W1
C energy__IN2__hl__ACQ_1 of AND2D4 T22 W1
C delay__IN1__lh__OUT__lh__ACQ_1 of AND2D4 T23 W1
C delay__IN1__hl__OUT__hl__ACQ_1 of AND2D4 T24 W1
C delay__IN2__lh__OUT__lh__ACQ_1 of AND2D4 T25 W1
C delay__IN2__hl__OUT__hl__ACQ_1 of AND2D4 T26 W1
C leakage_power__ACQ_1 of AND2D8 T27 W1
C energy__IN1__lh__ACQ_1 of AND2D8 T28 W1
C energy__IN1__hl__ACQ_1 of AND2D8 T29 W1
C energy__IN2__lh__ACQ_1 of AND2D8 T30 W1
C energy__IN2__hl__ACQ_1 of AND2D8 T31 W1
C delay__IN1__lh__OUT__lh__ACQ_1 of AND2D8 T32 W1
C delay__IN1__hl__OUT__hl__ACQ_1 of AND2D8 T33 W1
C delay__IN2__lh__OUT__lh__ACQ_1 of AND2D8 T34 W1
C delay__IN2__hl__OUT__hl__ACQ_1 of AND2D8 T35 W1
C leakage_power__ACQ_1 of NAND2D1 T36 W1
C energy__IN1__lh__ACQ_1 of NAND2D1 T37 W1
C energy__IN1__hl__ACQ_1 of NAND2D1 T38 W1
C energy__IN2__lh__ACQ_1 of NAND2D1 T39 W1
C energy__IN2__hl__ACQ_1 of NAND2D1 T40 W1
C delay__IN1__lh__OUT__hl__ACQ_1 of NAND2D1 T41 W1
C delay__IN1__hl__OUT__lh__ACQ_1 of NAND2D1 T42 W1
C delay__IN2__lh__OUT__hl__ACQ_1 of NAND2D1 T43 W1
C delay__IN2__hl__OUT__lh__ACQ_1 of NAND2D1 T44 W1
C leakage_power__ACQ_1 of NAND2D2 T45 W1
C energy__IN1__lh__ACQ_1 of NAND2D2 T46 W1
C energy__IN1__hl__ACQ_1 of NAND2D2 T47 W1
C energy__IN2__lh__ACQ_1 of NAND2D2 T48 W1
C energy__IN2__hl__ACQ_1 of NAND2D2 T49 W1
C delay__IN1__lh__OUT__hl__ACQ_1 of NAND2D2 T50 W1
C delay__IN1__hl__OUT__lh__ACQ_1 of NAND2D2 T51 W1
C delay__IN2__lh__OUT__hl__ACQ_1 of NAND2D2 T52 W1
C delay__IN2__hl__OUT__lh__ACQ_1 of NAND2D2 T53 W1
C leakage_power__ACQ_1 of NAND2D4 T54 W1
C energy__IN1__lh__ACQ_1 of NAND2D4 T55 W1
C energy__IN1__hl__ACQ_1 of NAND2D4 T56 W1
C energy__IN2__lh__ACQ_1 of NAND2D4 T57 W1
C energy__IN2__hl__ACQ_1 of NAND2D4 T58 W1
C delay__IN1__lh__OUT__hl__ACQ_1 of NAND2D4 T59 W1
C delay__IN1__hl__OUT__lh__ACQ_1 of NAND2D4 T60 W1
C delay__IN2__lh__OUT__hl__ACQ_1 of NAND2D4 T61 W1
C delay__IN2__hl__OUT__lh__ACQ_1 of NAND2D4 T62 W1
C leakage_power__ACQ_1 of NAND2D8 T63 W1
C energy__IN1__lh__ACQ_1 of NAND2D8 T64 W1
C energy__IN1__hl__ACQ_1 of NAND2D8 T65 W1
C energy__IN2__lh__ACQ_1 of NAND2D8 T66 W1
C energy__IN2__hl__ACQ_1 of NAND2D8 T67 W1
C delay__IN1__lh__OUT__hl__ACQ_1 of NAND2D8 T68 W1
C delay__IN1__hl__OUT__lh__ACQ_1 of NAND2D8 T69 W1
C delay__IN2__lh__OUT__hl__ACQ_1 of NAND2D8 T70 W1
C delay__IN2__hl__OUT__lh__ACQ_1 of NAND2D8 T71 W1
C leakage_power__ACQ_1 of NOR2D1 T72 W1
C energy__IN1__lh__ACQ_1 of NOR2D1 T73 W1
C energy__IN1__hl__ACQ_1 of NOR2D1 T74 W1
C energy__IN2__lh__ACQ_1 of NOR2D1 T75 W1
C energy__IN2__hl__ACQ_1 of NOR2D1 T76 W1
C delay__IN1__lh__OUT__hl__ACQ_1 of NOR2D1 T77 W1
C delay__IN1__hl__OUT__lh__ACQ_1 of NOR2D1 T78 W1
C delay__IN2__lh__OUT__hl__ACQ_1 of NOR2D1 T79 W1
C delay__IN2__hl__OUT__lh__ACQ_1 of NOR2D1 T80 W1
C leakage_power__ACQ_1 of NOR2D2 T81 W1
C energy__IN1__lh__ACQ_1 of NOR2D2 T82 W1
C energy__IN1__hl__ACQ_1 of NOR2D2 T83 W1
C energy__IN2__lh__ACQ_1 of NOR2D2 T84 W1
C energy__IN2__hl__ACQ_1 of NOR2D2 T85 W1
C delay__IN1__lh__OUT__hl__ACQ_1 of NOR2D2 T86 W1
C delay__IN1__hl__OUT__lh__ACQ_1 of NOR2D2 T87 W1
C delay__IN2__lh__OUT__hl__ACQ_1 of NOR2D2 T88 W1
C delay__IN2__hl__OUT__lh__ACQ_1 of NOR2D2 T89 W1
C leakage_power__ACQ_1 of NOR2D4 T90 W1
C energy__IN1__lh__ACQ_1 of NOR2D4 T91 W1
C energy__IN1__hl__ACQ_1 of NOR2D4 T92 W1
C energy__IN2__lh__ACQ_1 of NOR2D4 T93 W1
C energy__IN2__hl__ACQ_1 of NOR2D4 T94 W1
C delay__IN1__lh__OUT__hl__ACQ_1 of NOR2D4 T95 W1
C delay__IN1__hl__OUT__lh__ACQ_1 of NOR2D4 T96 W1
C delay__IN2__lh__OUT__hl__ACQ_1 of NOR2D4 T97 W1
C delay__IN2__hl__OUT__lh__ACQ_1 of NOR2D4 T98 W1
C leakage_power__ACQ_1 of NOR2D8 T99 W1
C energy__IN1__lh__ACQ_1 of NOR2D8 T100 W1
C energy__IN1__hl__ACQ_1 of NOR2D8 T101 W1
C energy__IN2__lh__ACQ_1 of NOR2D8 T102 W1
C energy__IN2__hl__ACQ_1 of NOR2D8 T103 W1
C delay__IN1__lh__OUT__hl__ACQ_1 of NOR2D8 T104 W1
C delay__IN1__hl__OUT__lh__ACQ_1 of NOR2D8 T105 W1
C delay__IN2__lh__OUT__hl__ACQ_1 of NOR2D8 T106 W1
C delay__IN2__hl__OUT__lh__ACQ_1 of NOR2D8 T107 W1
C leakage_power__ACQ_1 of OR2D1 T108 W1
C energy__IN1__lh__ACQ_1 of OR2D1 T109 W1
C energy__IN1__hl__ACQ_1 of OR2D1 T110 W1
C energy__IN2__lh__ACQ_1 of OR2D1 T111 W1
C energy__IN2__hl__ACQ_1 of OR2D1 T112 W1
C delay__IN1__lh__OUT__lh__ACQ_1 of OR2D1 T113 W1
C delay__IN1__hl__OUT__hl__ACQ_1 of OR2D1 T114 W1
C delay__IN2__lh__OUT__lh__ACQ_1 of OR2D1 T115 W1
C delay__IN2__hl__OUT__hl__ACQ_1 of OR2D1 T116 W1
C leakage_power__ACQ_1 of OR2D2 T117 W1
C energy__IN1__lh__ACQ_1 of OR2D2 T118 W1
C energy__IN1__hl__ACQ_1 of OR2D2 T119 W1
C energy__IN2__lh__ACQ_1 of OR2D2 T120 W1
C energy__IN2__hl__ACQ_1 of OR2D2 T121 W1
C delay__IN1__lh__OUT__lh__ACQ_1 of OR2D2 T122 W1
C delay__IN1__hl__OUT__hl__ACQ_1 of OR2D2 T123 W1
C delay__IN2__lh__OUT__lh__ACQ_1 of OR2D2 T124 W1
C delay__IN2__hl__OUT__hl__ACQ_1 of OR2D2 T125 W1
C leakage_power__ACQ_1 of OR2D4 T126 W1
C energy__IN1__lh__ACQ_1 of OR2D4 T127 W1
C energy__IN1__hl__ACQ_1 of OR2D4 T128 W1
C energy__IN2__lh__ACQ_1 of OR2D4 T129 W1
C energy__IN2__hl__ACQ_1 of OR2D4 T130 W1
C delay__IN1__lh__OUT__lh__ACQ_1 of OR2D4 T131 W1
C delay__IN1__hl__OUT__hl__ACQ_1 of OR2D4 T132 W1
C delay__IN2__lh__OUT__lh__ACQ_1 of OR2D4 T133 W1
C delay__IN2__hl__OUT__hl__ACQ_1 of OR2D4 T134 W1
C leakage_power__ACQ_1 of OR2D8 T135 W1
C energy__IN1__lh__ACQ_1 of OR2D8 T136 W1
C energy__IN1__hl__ACQ_1 of OR2D8 T137 W1
C energy__IN2__lh__ACQ_1 of OR2D8 T138 W1
C energy__IN2__hl__ACQ_1 of OR2D8 T139 W1
C delay__IN1__lh__OUT__lh__ACQ_1 of OR2D8 T140 W1
C delay__IN1__hl__OUT__hl__ACQ_1 of OR2D8 T141 W1
C delay__IN2__lh__OUT__lh__ACQ_1 of OR2D8 T142 W1
C delay__IN2__hl__OUT__hl__ACQ_1 of OR2D8 T143 W1
C leakage_power__ACQ_1 of XNOR2D1 T144 W1
C delay__IN1__lh__OUT__lh__ACQ_1 of XNOR2D1 T145 W1
C delay__IN1__lh__OUT__hl__ACQ_1 of XNOR2D1 T146 W1
C delay__IN1__hl__OUT__lh__ACQ_1 of XNOR2D1 T147 W1
C delay__IN1__hl__OUT__hl__ACQ_1 of XNOR2D1 T148 W1
C delay__IN2__lh__OUT__lh__ACQ_1 of XNOR2D1 T149 W1
C delay__IN2__lh__OUT__hl__ACQ_1 of XNOR2D1 T150 W1
C delay__IN2__hl__OUT__lh__ACQ_1 of XNOR2D1 T151 W1
C delay__IN2__hl__OUT__hl__ACQ_1 of XNOR2D1 T152 W1
C leakage_power__ACQ_1 of XNOR2D2 T153 W1
C delay__IN1__lh__OUT__lh__ACQ_1 of XNOR2D2 T154 W1
C delay__IN1__lh__OUT__hl__ACQ_1 of XNOR2D2 T155 W1
C delay__IN1__hl__OUT__lh__ACQ_1 of XNOR2D2 T156 W1
C delay__IN1__hl__OUT__hl__ACQ_1 of XNOR2D2 T157 W1
C delay__IN2__lh__OUT__lh__ACQ_1 of XNOR2D2 T158 W1
C delay__IN2__lh__OUT__hl__ACQ_1 of XNOR2D2 T159 W1
C delay__IN2__hl__OUT__lh__ACQ_1 of XNOR2D2 T160 W1
C delay__IN2__hl__OUT__hl__ACQ_1 of XNOR2D2 T161 W1
C leakage_power__ACQ_1 of XNOR2D4 T162 W1
C delay__IN1__lh__OUT__lh__ACQ_1 of XNOR2D4 T163 W1
C delay__IN1__lh__OUT__hl__ACQ_1 of XNOR2D4 T164 W1
C delay__IN1__hl__OUT__lh__ACQ_1 of XNOR2D4 T165 W1
C delay__IN1__hl__OUT__hl__ACQ_1 of XNOR2D4 T166 W1
C delay__IN2__lh__OUT__lh__ACQ_1 of XNOR2D4 T167 W1
C delay__IN2__lh__OUT__hl__ACQ_1 of XNOR2D4 T168 W1
C delay__IN2__hl__OUT__lh__ACQ_1 of XNOR2D4 T169 W1
C delay__IN2__hl__OUT__hl__ACQ_1 of XNOR2D4 T170 W1
C leakage_power__ACQ_1 of XNOR2D8 T171 W1
C delay__IN1__lh__OUT__lh__ACQ_1 of XNOR2D8 T172 W1
C delay__IN1__lh__OUT__hl__ACQ_1 of XNOR2D8 T173 W1
C delay__IN1__hl__OUT__lh__ACQ_1 of XNOR2D8 T174 W1
C delay__IN1__hl__OUT__hl__ACQ_1 of XNOR2D8 T175 W1
C delay__IN2__lh__OUT__lh__ACQ_1 of XNOR2D8 T176 W1
C delay__IN2__lh__OUT__hl__ACQ_1 of XNOR2D8 T177 W1
C delay__IN2__hl__OUT__lh__ACQ_1 of XNOR2D8 T178 W1
C delay__IN2__hl__OUT__hl__ACQ_1 of XNOR2D8 T179 W1
C leakage_power__ACQ_1 of XOR2D1 T180 W1
C delay__IN1__lh__OUT__lh__ACQ_1 of XOR2D1 T181 W1
C delay__IN1__lh__OUT__hl__ACQ_1 of XOR2D1 T182 W1
C delay__IN1__hl__OUT__lh__ACQ_1 of XOR2D1 T183 W1
C delay__IN1__hl__OUT__hl__ACQ_1 of XOR2D1 T184 W1
C delay__IN2__lh__OUT__lh__ACQ_1 of XOR2D1 T185 W1
C delay__IN2__lh__OUT__hl__ACQ_1 of XOR2D1 T186 W1
C delay__IN2__hl__OUT__lh__ACQ_1 of XOR2D1 T187 W1
C delay__IN2__hl__OUT__hl__ACQ_1 of XOR2D1 T188 W1
C leakage_power__ACQ_1 of XOR2D2 T189 W1
C delay__IN1__lh__OUT__lh__ACQ_1 of XOR2D2 T190 W1
C delay__IN1__lh__OUT__hl__ACQ_1 of XOR2D2 T191 W1
C delay__IN1__hl__OUT__lh__ACQ_1 of XOR2D2 T192 W1
C delay__IN1__hl__OUT__hl__ACQ_1 of XOR2D2 T193 W1
C delay__IN2__lh__OUT__lh__ACQ_1 of XOR2D2 T194 W1
C delay__IN2__lh__OUT__hl__ACQ_1 of XOR2D2 T195 W1
C delay__IN2__hl__OUT__lh__ACQ_1 of XOR2D2 T196 W1
C delay__IN2__hl__OUT__hl__ACQ_1 of XOR2D2 T197 W1
C leakage_power__ACQ_1 of XOR2D4 T198 W1
C delay__IN1__lh__OUT__lh__ACQ_1 of XOR2D4 T199 W1
C delay__IN1__lh__OUT__hl__ACQ_1 of XOR2D4 T200 W1
C delay__IN1__hl__OUT__lh__ACQ_1 of XOR2D4 T201 W1
C delay__IN1__hl__OUT__hl__ACQ_1 of XOR2D4 T202 W1
C delay__IN2__lh__OUT__lh__ACQ_1 of XOR2D4 T203 W1
C delay__IN2__lh__OUT__hl__ACQ_1 of XOR2D4 T204 W1
C delay__IN2__hl__OUT__lh__ACQ_1 of XOR2D4 T205 W1
C delay__IN2__hl__OUT__hl__ACQ_1 of XOR2D4 T206 W1
C leakage_power__ACQ_1 of XOR2D8 T207 W1
C delay__IN1__lh__OUT__lh__ACQ_1 of XOR2D8 T208 W1
C delay__IN1__lh__OUT__hl__ACQ_1 of XOR2D8 T209 W1
C delay__IN1__hl__OUT__lh__ACQ_1 of XOR2D8 T210 W1
C delay__IN1__hl__OUT__hl__ACQ_1 of XOR2D8 T211 W1
C delay__IN2__lh__OUT__lh__ACQ_1 of XOR2D8 T212 W1
C delay__IN2__lh__OUT__hl__ACQ_1 of XOR2D8 T213 W1
C delay__IN2__hl__OUT__lh__ACQ_1 of XOR2D8 T214 W1
C delay__IN2__hl__OUT__hl__ACQ_1 of XOR2D8 T215 W1
C leakage_power__ACQ_1 of BUFD16 T216 W1
C delay__IN__lh__OUT__lh__ACQ_1 of BUFD16 T217 W1
C delay__IN__hl__OUT__hl__ACQ_1 of BUFD16 T218 W1
C leakage_power__ACQ_1 of BUFD2 T219 W1
C delay__IN__lh__OUT__lh__ACQ_1 of BUFD2 T220 W1
C delay__IN__hl__OUT__hl__ACQ_1 of BUFD2 T221 W1
C leakage_power__ACQ_1 of BUFD4 T222 W1
C delay__IN__lh__OUT__lh__ACQ_1 of BUFD4 T223 W1
C delay__IN__hl__OUT__hl__ACQ_1 of BUFD4 T224 W1
C leakage_power__ACQ_1 of BUFD8 T225 W1
C delay__IN__lh__OUT__lh__ACQ_1 of BUFD8 T226 W1
C delay__IN__hl__OUT__hl__ACQ_1 of BUFD8 T227 W1
C leakage_power__ACQ_1 of INVD1 T228 W1
C delay__IN__lh__OUT__hl__ACQ_1 of INVD1 T229 W1
C delay__IN__hl__OUT__lh__ACQ_1 of INVD1 T230 W1
C leakage_power__ACQ_1 of INVD16 T231 W1
C delay__IN__lh__OUT__hl__ACQ_1 of INVD16 T232 W1
C delay__IN__hl__OUT__lh__ACQ_1 of INVD16 T233 W1
C leakage_power__ACQ_1 of INVD2 T234 W1
C delay__IN__lh__OUT__hl__ACQ_1 of INVD2 T235 W1
C delay__IN__hl__OUT__lh__ACQ_1 of INVD2 T236 W1
C leakage_power__ACQ_1 of INVD4 T237 W1
C delay__IN__lh__OUT__hl__ACQ_1 of INVD4 T238 W1
C delay__IN__hl__OUT__lh__ACQ_1 of INVD4 T239 W1
C leakage_power__ACQ_1 of INVD8 T240 W1
C delay__IN__lh__OUT__hl__ACQ_1 of INVD8 T241 W1
C delay__IN__hl__OUT__lh__ACQ_1 of INVD8 T242 W1
