#                          Technology and LEF layer map
# Design "L1_new"
#
# Technology and LEF layers are mapped automatically by innovus.
# If a user needs customised mapping, specify a layermap file. Layermap file
# is specified using command "setExtractRCMode -lefTechFileMap <layermapFile>".
#

# Mapping of layers are from <lefLayer> to <techLayer>

extraction_setup \
	-technology_layer_map \
		PO           active \
		CO           odcont \
		M1           m1 \
		VIA1         via1 \
		M2           m2 \
		VIA2         via2 \
		M3           m3 \
		VIA3         via3 \
		M4           m4 \
		VIA4         via4 \
		M5           m5 \
		VIA5         via5 \
		M6           m6 \
		VIA6         via6 \
		M7           m7 \
		VIA7         via7 \
		M8           m8 \
		VIA8         via8 \
		M9           m9 \
		VIA9         via9 \
		M10          m10 \
		RV           rv \
		AP           ap \


# Lef file might contain multiple masterslice layers. Only one is printed in log file.
# Innovus does not distinguish between masterslice layers in IQuantus extraction.


# Technology File: "/home/zhoumf/Project/romcim_28nm/202303/pr/saved/L1_new.signoff.enc.dat/libs/mmmc/typical/qrcTechFile"

#
# This file was generated by Innovus v19.13-s080_1 on Sat Jan 28 11:40:34 2023

