1766120783.331105: 57864-7f345d5d40c0: cdpl_log.c:231: in cdpl_log_open(): info: @@start_of_log@@
1766120783.331130: 57864-7f345d5d40c0: cdpl_log.c:869: in cdpl_log_dump_sysinfo(): info: time: 2025/12/19 13:06:23 CST +0800
1766120783.331134: 57864-7f345d5d40c0: cdpl_log.c:871: in cdpl_log_dump_sysinfo(): info: version: T-2022.03-SP1-1 
1766120783.331136: 57864-7f345d5d40c0: cdpl_log.c:873: in cdpl_log_dump_sysinfo(): info: system: Linux 3.10.0-1160.el7.x86_64 #1 SMP Mon Oct 19 16:18:59 UTC 2020
1766120783.331137: 57864-7f345d5d40c0: cdpl_log.c:878: in cdpl_log_dump_sysinfo(): info: processor: x86_64 64-bits
1766120783.331139: 57864-7f345d5d40c0: cdpl_log.c:882: in cdpl_log_dump_sysinfo(): info: hostname: cad52
1766120783.331140: 57864-7f345d5d40c0: cdpl_log.c:233: in cdpl_log_open(): debug: path: /data/zhengyj/OTFT_stdlib/my_library_LTPS/runtime/cdpl/pid57864/master.cad52.57864.log
1766120783.331142: 57864-7f345d5d40c0: cdpl_log.c:234: in cdpl_log_open(): debug: dir: /data/zhengyj/OTFT_stdlib/my_library_LTPS/runtime/cdpl/pid57864
1766120783.331147: 57864-7f345d5d40c0: cdpl_log.c:761: in cdpl_log_set_filter(): info: filter level 1
1766120783.331162: 57864-7f345d5d40c0: cdpl_server.c:543: in cdpl_sv_init(): info: new server S1037521950
1766120783.331170: 57864-7f345d5d40c0: cdpl_ipc.c:3090: in cdpl_ipc_init(): info: requesting IPv4 protocol
1766120783.331547: 57864-7f345d5d40c0: cdpl_ipc.c:807: in _selectaddrfamily(): info: selected IPv4 protocol
1766120783.332198: 57864-7f345d5d40c0: cdpl_server.c:657: in cdpl_sv_new_master(): info: new master M1
1766120783.332217: 57864-7f345d5d40c0: cdpl_server.c:5494: in cdpl_sv_ctl_master(): info: Setting worker heartbeat to 60 seconds
1766120783.332220: 57864-7f345d5d40c0: cdpl_server.c:5503: in cdpl_sv_ctl_master(): info: Setting worker heartbeat timeout to 3 heartbeats
1766120783.332224: 57864-7f345d5d40c0: cdpl_compat_master.c:2436: in cdplInitMaster(): info: bcast dir is `/dev/null'
1766120783.332264: 57864-7f345d5d40c0: cdpl_server.c:5394: in cdpl_sv_ctl_master(): info: farm worker timeout set to 36000
1766120783.332266: 57864-7f345d5d40c0: cdpl_server.c:5410: in cdpl_sv_ctl_master(): info: grid worker timeout set to 36000
1766120783.332268: 57864-7f345d5d40c0: cdpl_server.c:5438: in cdpl_sv_ctl_master(): info: farm submit command failure threshold set to 100
1766120783.332287: 57864-7f345d5d40c0: cdpl_farm.c:2334: in cdpl_farm_new_sh(): info: creating SH farm on localhost
1766120783.332296: 57864-7f345d5d40c0: cdpl_compat_master.c:207: in _set_farm_env(): info: exporting CDPL_LOGDIR as `/data/zhengyj/OTFT_stdlib/my_library_LTPS/runtime/cdpl/pid57864'
1766120783.332298: 57864-7f345d5d40c0: cdpl_compat_master.c:213: in _set_farm_env(): info: exporting CDPL_TMPDIR as `/var/tmp'
1766120783.332300: 57864-7f345d5d40c0: cdpl_compat_master.c:220: in _set_farm_env(): info: exporting CDPL_HOME as `/tools/Synopsys/siliconsmart/T-2022.03-SP2-1/cdpl_runtime_linux64'
1766120783.332302: 57864-7f345d5d40c0: cdpl_compat_master.c:231: in _set_farm_env(): info: SNPSLMD_LICENSE_FILE is not set
1766120783.332304: 57864-7f345d5d40c0: cdpl_compat_master.c:247: in _set_farm_env(): info: exporting CDPL_OPTIONS as `[filter][nowlogs]'
1766120783.332306: 57864-7f345d5d40c0: cdpl_compat_master.c:254: in _set_farm_env(): info: exporting DISPLAY as `localhost:34.0'
1766120783.332307: 57864-7f345d5d40c0: cdpl_compat_master.c:262: in _set_farm_env(): info: exporting CDPL_HEARTBEAT as `60'
1766120783.332310: 57864-7f345d5d40c0: cdpl_compat_master.c:348: in _set_farm_env(): info: exporting SIS_CDPL as `1'
1766120784.278726: 57864-7f345d5d40c0: cdpl_server.c:738: in cdpl_sv_new_job(): info: new job J1 in M1
1766120784.278746: 57864-7f345d5d40c0: cdpl_compat_master.c:1340: in _add_worker(): info: new worker type 100, min:1, max:1, cmd:`/data/zhengyj/OTFT_stdlib/my_library_LTPS/runtime/cdpl/pid57864/run_57864.sh'
1766120784.278750: 57864-7f345d5d40c0: cdpl_server.c:900: in cdpl_sv_new_bin_withfarm(): info: new bin B1 in J1
1766120784.278771: 57864-7f345d5d40c0: cdpl_server.c:3116: in cdpl_sv_start_job(): info: starting job J1
1766120784.287154: 57864-7f345d5d40c0: cdpl_server.c:1824: in _sv_gen_task(): info: new task T0 in B1 (prio 3)
1766120784.287166: 57864-7f345d5d40c0: cdpl_server.c:2558: in cdpl_sv_label_task_va(): info: setting task T0 label to "leakage_power__ACQ_1 of AND2D1"
1766120784.287236: 57864-7f345d5d40c0: cdpl_server.c:1824: in _sv_gen_task(): info: new task T1 in B1 (prio 5)
1766120784.287251: 57864-7f344591b700: cdpl_server_sched.c:700: in _sv_launch_worker(): info: started worker W1 (as C1) in bin B1
1766120784.287267: 57864-7f345d5d40c0: cdpl_server.c:2558: in cdpl_sv_label_task_va(): info: setting task T1 label to "energy__IN1__lh__ACQ_1 of AND2D1"
1766120784.287277: 57864-7f344511a700: cdpl_farm.c:1959: in _schedule(): info: worker submit failure threshold set to 100
1766120784.287288: 57864-7f344511a700: cdpl_sh.c:49: in _sh_detached_submit(): info: SH : /data/zhengyj/OTFT_stdlib/my_library_LTPS/runtime/cdpl/pid57864/run_57864.sh
1766120784.288391: 57864-7f345d5d40c0: cdpl_server.c:1824: in _sv_gen_task(): info: new task T2 in B1 (prio 5)
1766120784.288424: 57864-7f345d5d40c0: cdpl_server.c:2558: in cdpl_sv_label_task_va(): info: setting task T2 label to "energy__IN1__hl__ACQ_1 of AND2D1"
1766120784.288607: 57864-7f345d5d40c0: cdpl_server.c:1824: in _sv_gen_task(): info: new task T3 in B1 (prio 5)
1766120784.288611: 57864-7f345d5d40c0: cdpl_server.c:2558: in cdpl_sv_label_task_va(): info: setting task T3 label to "energy__IN2__lh__ACQ_1 of AND2D1"
1766120784.288665: 57864-7f345d5d40c0: cdpl_server.c:1824: in _sv_gen_task(): info: new task T4 in B1 (prio 5)
1766120784.288668: 57864-7f345d5d40c0: cdpl_server.c:2558: in cdpl_sv_label_task_va(): info: setting task T4 label to "energy__IN2__hl__ACQ_1 of AND2D1"
1766120784.288705: 57864-7f345d5d40c0: cdpl_server.c:1824: in _sv_gen_task(): info: new task T5 in B1 (prio 2)
1766120784.288708: 57864-7f345d5d40c0: cdpl_server.c:2558: in cdpl_sv_label_task_va(): info: setting task T5 label to "delay__IN1__lh__OUT__lh__ACQ_1 of AND2D1"
1766120784.288752: 57864-7f345d5d40c0: cdpl_server.c:1824: in _sv_gen_task(): info: new task T6 in B1 (prio 2)
1766120784.288754: 57864-7f345d5d40c0: cdpl_server.c:2558: in cdpl_sv_label_task_va(): info: setting task T6 label to "delay__IN1__hl__OUT__hl__ACQ_1 of AND2D1"
1766120784.288792: 57864-7f345d5d40c0: cdpl_server.c:1824: in _sv_gen_task(): info: new task T7 in B1 (prio 2)
1766120784.288795: 57864-7f345d5d40c0: cdpl_server.c:2558: in cdpl_sv_label_task_va(): info: setting task T7 label to "delay__IN2__lh__OUT__lh__ACQ_1 of AND2D1"
1766120784.288832: 57864-7f345d5d40c0: cdpl_server.c:1824: in _sv_gen_task(): info: new task T8 in B1 (prio 2)
1766120784.288835: 57864-7f345d5d40c0: cdpl_server.c:2558: in cdpl_sv_label_task_va(): info: setting task T8 label to "delay__IN2__hl__OUT__hl__ACQ_1 of AND2D1"
1766120784.293248: 57864-7f345d5d40c0: cdpl_server.c:1824: in _sv_gen_task(): info: new task T9 in B1 (prio 3)
1766120784.293256: 57864-7f345d5d40c0: cdpl_server.c:2558: in cdpl_sv_label_task_va(): info: setting task T9 label to "leakage_power__ACQ_1 of AND2D2"
1766120784.293291: 57864-7f345d5d40c0: cdpl_server.c:1824: in _sv_gen_task(): info: new task T10 in B1 (prio 5)
1766120784.293294: 57864-7f345d5d40c0: cdpl_server.c:2558: in cdpl_sv_label_task_va(): info: setting task T10 label to "energy__IN1__lh__ACQ_1 of AND2D2"
1766120784.293319: 57864-7f345d5d40c0: cdpl_server.c:1824: in _sv_gen_task(): info: new task T11 in B1 (prio 5)
1766120784.293322: 57864-7f345d5d40c0: cdpl_server.c:2558: in cdpl_sv_label_task_va(): info: setting task T11 label to "energy__IN1__hl__ACQ_1 of AND2D2"
1766120784.293345: 57864-7f345d5d40c0: cdpl_server.c:1824: in _sv_gen_task(): info: new task T12 in B1 (prio 5)
1766120784.293347: 57864-7f345d5d40c0: cdpl_server.c:2558: in cdpl_sv_label_task_va(): info: setting task T12 label to "energy__IN2__lh__ACQ_1 of AND2D2"
1766120784.293368: 57864-7f345d5d40c0: cdpl_server.c:1824: in _sv_gen_task(): info: new task T13 in B1 (prio 5)
1766120784.293371: 57864-7f345d5d40c0: cdpl_server.c:2558: in cdpl_sv_label_task_va(): info: setting task T13 label to "energy__IN2__hl__ACQ_1 of AND2D2"
1766120784.293398: 57864-7f345d5d40c0: cdpl_server.c:1824: in _sv_gen_task(): info: new task T14 in B1 (prio 2)
1766120784.293401: 57864-7f345d5d40c0: cdpl_server.c:2558: in cdpl_sv_label_task_va(): info: setting task T14 label to "delay__IN1__lh__OUT__lh__ACQ_1 of AND2D2"
1766120784.293423: 57864-7f345d5d40c0: cdpl_server.c:1824: in _sv_gen_task(): info: new task T15 in B1 (prio 2)
1766120784.293425: 57864-7f345d5d40c0: cdpl_server.c:2558: in cdpl_sv_label_task_va(): info: setting task T15 label to "delay__IN1__hl__OUT__hl__ACQ_1 of AND2D2"
1766120784.293448: 57864-7f345d5d40c0: cdpl_server.c:1824: in _sv_gen_task(): info: new task T16 in B1 (prio 2)
1766120784.293450: 57864-7f345d5d40c0: cdpl_server.c:2558: in cdpl_sv_label_task_va(): info: setting task T16 label to "delay__IN2__lh__OUT__lh__ACQ_1 of AND2D2"
1766120784.293471: 57864-7f345d5d40c0: cdpl_server.c:1824: in _sv_gen_task(): info: new task T17 in B1 (prio 2)
1766120784.293473: 57864-7f345d5d40c0: cdpl_server.c:2558: in cdpl_sv_label_task_va(): info: setting task T17 label to "delay__IN2__hl__OUT__hl__ACQ_1 of AND2D2"
1766120784.296162: 57864-7f345d5d40c0: cdpl_server.c:1824: in _sv_gen_task(): info: new task T18 in B1 (prio 3)
1766120784.296170: 57864-7f345d5d40c0: cdpl_server.c:2558: in cdpl_sv_label_task_va(): info: setting task T18 label to "leakage_power__ACQ_1 of AND2D4"
1766120784.296202: 57864-7f345d5d40c0: cdpl_server.c:1824: in _sv_gen_task(): info: new task T19 in B1 (prio 5)
1766120784.296205: 57864-7f345d5d40c0: cdpl_server.c:2558: in cdpl_sv_label_task_va(): info: setting task T19 label to "energy__IN1__lh__ACQ_1 of AND2D4"
1766120784.296230: 57864-7f345d5d40c0: cdpl_server.c:1824: in _sv_gen_task(): info: new task T20 in B1 (prio 5)
1766120784.296232: 57864-7f345d5d40c0: cdpl_server.c:2558: in cdpl_sv_label_task_va(): info: setting task T20 label to "energy__IN1__hl__ACQ_1 of AND2D4"
1766120784.296256: 57864-7f345d5d40c0: cdpl_server.c:1824: in _sv_gen_task(): info: new task T21 in B1 (prio 5)
1766120784.296259: 57864-7f345d5d40c0: cdpl_server.c:2558: in cdpl_sv_label_task_va(): info: setting task T21 label to "energy__IN2__lh__ACQ_1 of AND2D4"
1766120784.296280: 57864-7f345d5d40c0: cdpl_server.c:1824: in _sv_gen_task(): info: new task T22 in B1 (prio 5)
1766120784.296282: 57864-7f345d5d40c0: cdpl_server.c:2558: in cdpl_sv_label_task_va(): info: setting task T22 label to "energy__IN2__hl__ACQ_1 of AND2D4"
1766120784.296305: 57864-7f345d5d40c0: cdpl_server.c:1824: in _sv_gen_task(): info: new task T23 in B1 (prio 2)
1766120784.296308: 57864-7f345d5d40c0: cdpl_server.c:2558: in cdpl_sv_label_task_va(): info: setting task T23 label to "delay__IN1__lh__OUT__lh__ACQ_1 of AND2D4"
1766120784.296332: 57864-7f345d5d40c0: cdpl_server.c:1824: in _sv_gen_task(): info: new task T24 in B1 (prio 2)
1766120784.296334: 57864-7f345d5d40c0: cdpl_server.c:2558: in cdpl_sv_label_task_va(): info: setting task T24 label to "delay__IN1__hl__OUT__hl__ACQ_1 of AND2D4"
1766120784.296355: 57864-7f345d5d40c0: cdpl_server.c:1824: in _sv_gen_task(): info: new task T25 in B1 (prio 2)
1766120784.296358: 57864-7f345d5d40c0: cdpl_server.c:2558: in cdpl_sv_label_task_va(): info: setting task T25 label to "delay__IN2__lh__OUT__lh__ACQ_1 of AND2D4"
1766120784.296378: 57864-7f345d5d40c0: cdpl_server.c:1824: in _sv_gen_task(): info: new task T26 in B1 (prio 2)
1766120784.296380: 57864-7f345d5d40c0: cdpl_server.c:2558: in cdpl_sv_label_task_va(): info: setting task T26 label to "delay__IN2__hl__OUT__hl__ACQ_1 of AND2D4"
1766120784.299065: 57864-7f345d5d40c0: cdpl_server.c:1824: in _sv_gen_task(): info: new task T27 in B1 (prio 3)
1766120784.299072: 57864-7f345d5d40c0: cdpl_server.c:2558: in cdpl_sv_label_task_va(): info: setting task T27 label to "leakage_power__ACQ_1 of AND2D8"
1766120784.299105: 57864-7f345d5d40c0: cdpl_server.c:1824: in _sv_gen_task(): info: new task T28 in B1 (prio 5)
1766120784.299108: 57864-7f345d5d40c0: cdpl_server.c:2558: in cdpl_sv_label_task_va(): info: setting task T28 label to "energy__IN1__lh__ACQ_1 of AND2D8"
1766120784.299135: 57864-7f345d5d40c0: cdpl_server.c:1824: in _sv_gen_task(): info: new task T29 in B1 (prio 5)
1766120784.299138: 57864-7f345d5d40c0: cdpl_server.c:2558: in cdpl_sv_label_task_va(): info: setting task T29 label to "energy__IN1__hl__ACQ_1 of AND2D8"
1766120784.299162: 57864-7f345d5d40c0: cdpl_server.c:1824: in _sv_gen_task(): info: new task T30 in B1 (prio 5)
1766120784.299164: 57864-7f345d5d40c0: cdpl_server.c:2558: in cdpl_sv_label_task_va(): info: setting task T30 label to "energy__IN2__lh__ACQ_1 of AND2D8"
1766120784.299185: 57864-7f345d5d40c0: cdpl_server.c:1824: in _sv_gen_task(): info: new task T31 in B1 (prio 5)
1766120784.299187: 57864-7f345d5d40c0: cdpl_server.c:2558: in cdpl_sv_label_task_va(): info: setting task T31 label to "energy__IN2__hl__ACQ_1 of AND2D8"
1766120784.299209: 57864-7f345d5d40c0: cdpl_server.c:1824: in _sv_gen_task(): info: new task T32 in B1 (prio 2)
1766120784.299212: 57864-7f345d5d40c0: cdpl_server.c:2558: in cdpl_sv_label_task_va(): info: setting task T32 label to "delay__IN1__lh__OUT__lh__ACQ_1 of AND2D8"
1766120784.299234: 57864-7f345d5d40c0: cdpl_server.c:1824: in _sv_gen_task(): info: new task T33 in B1 (prio 2)
1766120784.299237: 57864-7f345d5d40c0: cdpl_server.c:2558: in cdpl_sv_label_task_va(): info: setting task T33 label to "delay__IN1__hl__OUT__hl__ACQ_1 of AND2D8"
1766120784.299260: 57864-7f345d5d40c0: cdpl_server.c:1824: in _sv_gen_task(): info: new task T34 in B1 (prio 2)
1766120784.299262: 57864-7f345d5d40c0: cdpl_server.c:2558: in cdpl_sv_label_task_va(): info: setting task T34 label to "delay__IN2__lh__OUT__lh__ACQ_1 of AND2D8"
1766120784.299283: 57864-7f345d5d40c0: cdpl_server.c:1824: in _sv_gen_task(): info: new task T35 in B1 (prio 2)
1766120784.299285: 57864-7f345d5d40c0: cdpl_server.c:2558: in cdpl_sv_label_task_va(): info: setting task T35 label to "delay__IN2__hl__OUT__hl__ACQ_1 of AND2D8"
1766120784.302018: 57864-7f345d5d40c0: cdpl_server.c:1824: in _sv_gen_task(): info: new task T36 in B1 (prio 3)
1766120784.302025: 57864-7f345d5d40c0: cdpl_server.c:2558: in cdpl_sv_label_task_va(): info: setting task T36 label to "leakage_power__ACQ_1 of NAND2D1"
1766120784.302059: 57864-7f345d5d40c0: cdpl_server.c:1824: in _sv_gen_task(): info: new task T37 in B1 (prio 5)
1766120784.302062: 57864-7f345d5d40c0: cdpl_server.c:2558: in cdpl_sv_label_task_va(): info: setting task T37 label to "energy__IN1__lh__ACQ_1 of NAND2D1"
1766120784.302087: 57864-7f345d5d40c0: cdpl_server.c:1824: in _sv_gen_task(): info: new task T38 in B1 (prio 5)
1766120784.302090: 57864-7f345d5d40c0: cdpl_server.c:2558: in cdpl_sv_label_task_va(): info: setting task T38 label to "energy__IN1__hl__ACQ_1 of NAND2D1"
1766120784.302112: 57864-7f345d5d40c0: cdpl_server.c:1824: in _sv_gen_task(): info: new task T39 in B1 (prio 5)
1766120784.302114: 57864-7f345d5d40c0: cdpl_server.c:2558: in cdpl_sv_label_task_va(): info: setting task T39 label to "energy__IN2__lh__ACQ_1 of NAND2D1"
1766120784.302137: 57864-7f345d5d40c0: cdpl_server.c:1824: in _sv_gen_task(): info: new task T40 in B1 (prio 5)
1766120784.302139: 57864-7f345d5d40c0: cdpl_server.c:2558: in cdpl_sv_label_task_va(): info: setting task T40 label to "energy__IN2__hl__ACQ_1 of NAND2D1"
1766120784.302163: 57864-7f345d5d40c0: cdpl_server.c:1824: in _sv_gen_task(): info: new task T41 in B1 (prio 2)
1766120784.302166: 57864-7f345d5d40c0: cdpl_server.c:2558: in cdpl_sv_label_task_va(): info: setting task T41 label to "delay__IN1__lh__OUT__hl__ACQ_1 of NAND2D1"
1766120784.302188: 57864-7f345d5d40c0: cdpl_server.c:1824: in _sv_gen_task(): info: new task T42 in B1 (prio 2)
1766120784.302191: 57864-7f345d5d40c0: cdpl_server.c:2558: in cdpl_sv_label_task_va(): info: setting task T42 label to "delay__IN1__hl__OUT__lh__ACQ_1 of NAND2D1"
1766120784.302212: 57864-7f345d5d40c0: cdpl_server.c:1824: in _sv_gen_task(): info: new task T43 in B1 (prio 2)
1766120784.302214: 57864-7f345d5d40c0: cdpl_server.c:2558: in cdpl_sv_label_task_va(): info: setting task T43 label to "delay__IN2__lh__OUT__hl__ACQ_1 of NAND2D1"
1766120784.302237: 57864-7f345d5d40c0: cdpl_server.c:1824: in _sv_gen_task(): info: new task T44 in B1 (prio 2)
1766120784.302243: 57864-7f345d5d40c0: cdpl_server.c:2558: in cdpl_sv_label_task_va(): info: setting task T44 label to "delay__IN2__hl__OUT__lh__ACQ_1 of NAND2D1"
1766120784.304900: 57864-7f345d5d40c0: cdpl_server.c:1824: in _sv_gen_task(): info: new task T45 in B1 (prio 3)
1766120784.304908: 57864-7f345d5d40c0: cdpl_server.c:2558: in cdpl_sv_label_task_va(): info: setting task T45 label to "leakage_power__ACQ_1 of NAND2D2"
1766120784.304942: 57864-7f345d5d40c0: cdpl_server.c:1824: in _sv_gen_task(): info: new task T46 in B1 (prio 5)
1766120784.304945: 57864-7f345d5d40c0: cdpl_server.c:2558: in cdpl_sv_label_task_va(): info: setting task T46 label to "energy__IN1__lh__ACQ_1 of NAND2D2"
1766120784.304969: 57864-7f345d5d40c0: cdpl_server.c:1824: in _sv_gen_task(): info: new task T47 in B1 (prio 5)
1766120784.304971: 57864-7f345d5d40c0: cdpl_server.c:2558: in cdpl_sv_label_task_va(): info: setting task T47 label to "energy__IN1__hl__ACQ_1 of NAND2D2"
1766120784.304994: 57864-7f345d5d40c0: cdpl_server.c:1824: in _sv_gen_task(): info: new task T48 in B1 (prio 5)
1766120784.304996: 57864-7f345d5d40c0: cdpl_server.c:2558: in cdpl_sv_label_task_va(): info: setting task T48 label to "energy__IN2__lh__ACQ_1 of NAND2D2"
1766120784.305020: 57864-7f345d5d40c0: cdpl_server.c:1824: in _sv_gen_task(): info: new task T49 in B1 (prio 5)
1766120784.305022: 57864-7f345d5d40c0: cdpl_server.c:2558: in cdpl_sv_label_task_va(): info: setting task T49 label to "energy__IN2__hl__ACQ_1 of NAND2D2"
1766120784.305046: 57864-7f345d5d40c0: cdpl_server.c:1824: in _sv_gen_task(): info: new task T50 in B1 (prio 2)
1766120784.305049: 57864-7f345d5d40c0: cdpl_server.c:2558: in cdpl_sv_label_task_va(): info: setting task T50 label to "delay__IN1__lh__OUT__hl__ACQ_1 of NAND2D2"
1766120784.305072: 57864-7f345d5d40c0: cdpl_server.c:1824: in _sv_gen_task(): info: new task T51 in B1 (prio 2)
1766120784.305075: 57864-7f345d5d40c0: cdpl_server.c:2558: in cdpl_sv_label_task_va(): info: setting task T51 label to "delay__IN1__hl__OUT__lh__ACQ_1 of NAND2D2"
1766120784.305097: 57864-7f345d5d40c0: cdpl_server.c:1824: in _sv_gen_task(): info: new task T52 in B1 (prio 2)
1766120784.305099: 57864-7f345d5d40c0: cdpl_server.c:2558: in cdpl_sv_label_task_va(): info: setting task T52 label to "delay__IN2__lh__OUT__hl__ACQ_1 of NAND2D2"
1766120784.305123: 57864-7f345d5d40c0: cdpl_server.c:1824: in _sv_gen_task(): info: new task T53 in B1 (prio 2)
1766120784.305125: 57864-7f345d5d40c0: cdpl_server.c:2558: in cdpl_sv_label_task_va(): info: setting task T53 label to "delay__IN2__hl__OUT__lh__ACQ_1 of NAND2D2"
1766120784.307791: 57864-7f345d5d40c0: cdpl_server.c:1824: in _sv_gen_task(): info: new task T54 in B1 (prio 3)
1766120784.307798: 57864-7f345d5d40c0: cdpl_server.c:2558: in cdpl_sv_label_task_va(): info: setting task T54 label to "leakage_power__ACQ_1 of NAND2D4"
1766120784.307834: 57864-7f345d5d40c0: cdpl_server.c:1824: in _sv_gen_task(): info: new task T55 in B1 (prio 5)
1766120784.307837: 57864-7f345d5d40c0: cdpl_server.c:2558: in cdpl_sv_label_task_va(): info: setting task T55 label to "energy__IN1__lh__ACQ_1 of NAND2D4"
1766120784.307863: 57864-7f345d5d40c0: cdpl_server.c:1824: in _sv_gen_task(): info: new task T56 in B1 (prio 5)
1766120784.307865: 57864-7f345d5d40c0: cdpl_server.c:2558: in cdpl_sv_label_task_va(): info: setting task T56 label to "energy__IN1__hl__ACQ_1 of NAND2D4"
1766120784.307889: 57864-7f345d5d40c0: cdpl_server.c:1824: in _sv_gen_task(): info: new task T57 in B1 (prio 5)
1766120784.307891: 57864-7f345d5d40c0: cdpl_server.c:2558: in cdpl_sv_label_task_va(): info: setting task T57 label to "energy__IN2__lh__ACQ_1 of NAND2D4"
1766120784.307914: 57864-7f345d5d40c0: cdpl_server.c:1824: in _sv_gen_task(): info: new task T58 in B1 (prio 5)
1766120784.307917: 57864-7f345d5d40c0: cdpl_server.c:2558: in cdpl_sv_label_task_va(): info: setting task T58 label to "energy__IN2__hl__ACQ_1 of NAND2D4"
1766120784.307940: 57864-7f345d5d40c0: cdpl_server.c:1824: in _sv_gen_task(): info: new task T59 in B1 (prio 2)
1766120784.307945: 57864-7f345d5d40c0: cdpl_server.c:2558: in cdpl_sv_label_task_va(): info: setting task T59 label to "delay__IN1__lh__OUT__hl__ACQ_1 of NAND2D4"
1766120784.307970: 57864-7f345d5d40c0: cdpl_server.c:1824: in _sv_gen_task(): info: new task T60 in B1 (prio 2)
1766120784.307973: 57864-7f345d5d40c0: cdpl_server.c:2558: in cdpl_sv_label_task_va(): info: setting task T60 label to "delay__IN1__hl__OUT__lh__ACQ_1 of NAND2D4"
1766120784.307996: 57864-7f345d5d40c0: cdpl_server.c:1824: in _sv_gen_task(): info: new task T61 in B1 (prio 2)
1766120784.307998: 57864-7f345d5d40c0: cdpl_server.c:2558: in cdpl_sv_label_task_va(): info: setting task T61 label to "delay__IN2__lh__OUT__hl__ACQ_1 of NAND2D4"
1766120784.308021: 57864-7f345d5d40c0: cdpl_server.c:1824: in _sv_gen_task(): info: new task T62 in B1 (prio 2)
1766120784.308023: 57864-7f345d5d40c0: cdpl_server.c:2558: in cdpl_sv_label_task_va(): info: setting task T62 label to "delay__IN2__hl__OUT__lh__ACQ_1 of NAND2D4"
1766120784.310720: 57864-7f345d5d40c0: cdpl_server.c:1824: in _sv_gen_task(): info: new task T63 in B1 (prio 4)
1766120784.310728: 57864-7f345d5d40c0: cdpl_server.c:2558: in cdpl_sv_label_task_va(): info: setting task T63 label to "leakage_power__ACQ_1 of NAND2D8"
1766120784.310762: 57864-7f345d5d40c0: cdpl_server.c:1824: in _sv_gen_task(): info: new task T64 in B1 (prio 6)
1766120784.310765: 57864-7f345d5d40c0: cdpl_server.c:2558: in cdpl_sv_label_task_va(): info: setting task T64 label to "energy__IN1__lh__ACQ_1 of NAND2D8"
1766120784.310790: 57864-7f345d5d40c0: cdpl_server.c:1824: in _sv_gen_task(): info: new task T65 in B1 (prio 6)
1766120784.310792: 57864-7f345d5d40c0: cdpl_server.c:2558: in cdpl_sv_label_task_va(): info: setting task T65 label to "energy__IN1__hl__ACQ_1 of NAND2D8"
1766120784.310815: 57864-7f345d5d40c0: cdpl_server.c:1824: in _sv_gen_task(): info: new task T66 in B1 (prio 6)
1766120784.310818: 57864-7f345d5d40c0: cdpl_server.c:2558: in cdpl_sv_label_task_va(): info: setting task T66 label to "energy__IN2__lh__ACQ_1 of NAND2D8"
1766120784.310841: 57864-7f345d5d40c0: cdpl_server.c:1824: in _sv_gen_task(): info: new task T67 in B1 (prio 6)
1766120784.310844: 57864-7f345d5d40c0: cdpl_server.c:2558: in cdpl_sv_label_task_va(): info: setting task T67 label to "energy__IN2__hl__ACQ_1 of NAND2D8"
1766120784.310868: 57864-7f345d5d40c0: cdpl_server.c:1824: in _sv_gen_task(): info: new task T68 in B1 (prio 3)
1766120784.310871: 57864-7f345d5d40c0: cdpl_server.c:2558: in cdpl_sv_label_task_va(): info: setting task T68 label to "delay__IN1__lh__OUT__hl__ACQ_1 of NAND2D8"
1766120784.310894: 57864-7f345d5d40c0: cdpl_server.c:1824: in _sv_gen_task(): info: new task T69 in B1 (prio 3)
1766120784.310897: 57864-7f345d5d40c0: cdpl_server.c:2558: in cdpl_sv_label_task_va(): info: setting task T69 label to "delay__IN1__hl__OUT__lh__ACQ_1 of NAND2D8"
1766120784.310919: 57864-7f345d5d40c0: cdpl_server.c:1824: in _sv_gen_task(): info: new task T70 in B1 (prio 3)
1766120784.310921: 57864-7f345d5d40c0: cdpl_server.c:2558: in cdpl_sv_label_task_va(): info: setting task T70 label to "delay__IN2__lh__OUT__hl__ACQ_1 of NAND2D8"
1766120784.310943: 57864-7f345d5d40c0: cdpl_server.c:1824: in _sv_gen_task(): info: new task T71 in B1 (prio 3)
1766120784.310946: 57864-7f345d5d40c0: cdpl_server.c:2558: in cdpl_sv_label_task_va(): info: setting task T71 label to "delay__IN2__hl__OUT__lh__ACQ_1 of NAND2D8"
1766120784.313609: 57864-7f345d5d40c0: cdpl_server.c:1824: in _sv_gen_task(): info: new task T72 in B1 (prio 4)
1766120784.313617: 57864-7f345d5d40c0: cdpl_server.c:2558: in cdpl_sv_label_task_va(): info: setting task T72 label to "leakage_power__ACQ_1 of NOR2D1"
1766120784.313651: 57864-7f345d5d40c0: cdpl_server.c:1824: in _sv_gen_task(): info: new task T73 in B1 (prio 6)
1766120784.313653: 57864-7f345d5d40c0: cdpl_server.c:2558: in cdpl_sv_label_task_va(): info: setting task T73 label to "energy__IN1__lh__ACQ_1 of NOR2D1"
1766120784.313679: 57864-7f345d5d40c0: cdpl_server.c:1824: in _sv_gen_task(): info: new task T74 in B1 (prio 6)
1766120784.313685: 57864-7f345d5d40c0: cdpl_server.c:2558: in cdpl_sv_label_task_va(): info: setting task T74 label to "energy__IN1__hl__ACQ_1 of NOR2D1"
1766120784.313708: 57864-7f345d5d40c0: cdpl_server.c:1824: in _sv_gen_task(): info: new task T75 in B1 (prio 6)
1766120784.313710: 57864-7f345d5d40c0: cdpl_server.c:2558: in cdpl_sv_label_task_va(): info: setting task T75 label to "energy__IN2__lh__ACQ_1 of NOR2D1"
1766120784.313735: 57864-7f345d5d40c0: cdpl_server.c:1824: in _sv_gen_task(): info: new task T76 in B1 (prio 6)
1766120784.313738: 57864-7f345d5d40c0: cdpl_server.c:2558: in cdpl_sv_label_task_va(): info: setting task T76 label to "energy__IN2__hl__ACQ_1 of NOR2D1"
1766120784.313762: 57864-7f345d5d40c0: cdpl_server.c:1824: in _sv_gen_task(): info: new task T77 in B1 (prio 3)
1766120784.313764: 57864-7f345d5d40c0: cdpl_server.c:2558: in cdpl_sv_label_task_va(): info: setting task T77 label to "delay__IN1__lh__OUT__hl__ACQ_1 of NOR2D1"
1766120784.313789: 57864-7f345d5d40c0: cdpl_server.c:1824: in _sv_gen_task(): info: new task T78 in B1 (prio 3)
1766120784.313791: 57864-7f345d5d40c0: cdpl_server.c:2558: in cdpl_sv_label_task_va(): info: setting task T78 label to "delay__IN1__hl__OUT__lh__ACQ_1 of NOR2D1"
1766120784.313815: 57864-7f345d5d40c0: cdpl_server.c:1824: in _sv_gen_task(): info: new task T79 in B1 (prio 3)
1766120784.313817: 57864-7f345d5d40c0: cdpl_server.c:2558: in cdpl_sv_label_task_va(): info: setting task T79 label to "delay__IN2__lh__OUT__hl__ACQ_1 of NOR2D1"
1766120784.313840: 57864-7f345d5d40c0: cdpl_server.c:1824: in _sv_gen_task(): info: new task T80 in B1 (prio 3)
1766120784.313842: 57864-7f345d5d40c0: cdpl_server.c:2558: in cdpl_sv_label_task_va(): info: setting task T80 label to "delay__IN2__hl__OUT__lh__ACQ_1 of NOR2D1"
1766120784.316524: 57864-7f345d5d40c0: cdpl_server.c:1824: in _sv_gen_task(): info: new task T81 in B1 (prio 4)
1766120784.316532: 57864-7f345d5d40c0: cdpl_server.c:2558: in cdpl_sv_label_task_va(): info: setting task T81 label to "leakage_power__ACQ_1 of NOR2D2"
1766120784.316565: 57864-7f345d5d40c0: cdpl_server.c:1824: in _sv_gen_task(): info: new task T82 in B1 (prio 6)
1766120784.316568: 57864-7f345d5d40c0: cdpl_server.c:2558: in cdpl_sv_label_task_va(): info: setting task T82 label to "energy__IN1__lh__ACQ_1 of NOR2D2"
1766120784.316594: 57864-7f345d5d40c0: cdpl_server.c:1824: in _sv_gen_task(): info: new task T83 in B1 (prio 6)
1766120784.316597: 57864-7f345d5d40c0: cdpl_server.c:2558: in cdpl_sv_label_task_va(): info: setting task T83 label to "energy__IN1__hl__ACQ_1 of NOR2D2"
1766120784.316629: 57864-7f345d5d40c0: cdpl_server.c:1824: in _sv_gen_task(): info: new task T84 in B1 (prio 6)
1766120784.316631: 57864-7f345d5d40c0: cdpl_server.c:2558: in cdpl_sv_label_task_va(): info: setting task T84 label to "energy__IN2__lh__ACQ_1 of NOR2D2"
1766120784.316655: 57864-7f345d5d40c0: cdpl_server.c:1824: in _sv_gen_task(): info: new task T85 in B1 (prio 6)
1766120784.316657: 57864-7f345d5d40c0: cdpl_server.c:2558: in cdpl_sv_label_task_va(): info: setting task T85 label to "energy__IN2__hl__ACQ_1 of NOR2D2"
1766120784.316681: 57864-7f345d5d40c0: cdpl_server.c:1824: in _sv_gen_task(): info: new task T86 in B1 (prio 3)
1766120784.316684: 57864-7f345d5d40c0: cdpl_server.c:2558: in cdpl_sv_label_task_va(): info: setting task T86 label to "delay__IN1__lh__OUT__hl__ACQ_1 of NOR2D2"
1766120784.316709: 57864-7f345d5d40c0: cdpl_server.c:1824: in _sv_gen_task(): info: new task T87 in B1 (prio 3)
1766120784.316711: 57864-7f345d5d40c0: cdpl_server.c:2558: in cdpl_sv_label_task_va(): info: setting task T87 label to "delay__IN1__hl__OUT__lh__ACQ_1 of NOR2D2"
1766120784.316733: 57864-7f345d5d40c0: cdpl_server.c:1824: in _sv_gen_task(): info: new task T88 in B1 (prio 3)
1766120784.316735: 57864-7f345d5d40c0: cdpl_server.c:2558: in cdpl_sv_label_task_va(): info: setting task T88 label to "delay__IN2__lh__OUT__hl__ACQ_1 of NOR2D2"
1766120784.316757: 57864-7f345d5d40c0: cdpl_server.c:1824: in _sv_gen_task(): info: new task T89 in B1 (prio 3)
1766120784.316759: 57864-7f345d5d40c0: cdpl_server.c:2558: in cdpl_sv_label_task_va(): info: setting task T89 label to "delay__IN2__hl__OUT__lh__ACQ_1 of NOR2D2"
1766120784.319427: 57864-7f345d5d40c0: cdpl_server.c:1824: in _sv_gen_task(): info: new task T90 in B1 (prio 4)
1766120784.319434: 57864-7f345d5d40c0: cdpl_server.c:2558: in cdpl_sv_label_task_va(): info: setting task T90 label to "leakage_power__ACQ_1 of NOR2D4"
1766120784.319470: 57864-7f345d5d40c0: cdpl_server.c:1824: in _sv_gen_task(): info: new task T91 in B1 (prio 6)
1766120784.319473: 57864-7f345d5d40c0: cdpl_server.c:2558: in cdpl_sv_label_task_va(): info: setting task T91 label to "energy__IN1__lh__ACQ_1 of NOR2D4"
1766120784.319499: 57864-7f345d5d40c0: cdpl_server.c:1824: in _sv_gen_task(): info: new task T92 in B1 (prio 6)
1766120784.319501: 57864-7f345d5d40c0: cdpl_server.c:2558: in cdpl_sv_label_task_va(): info: setting task T92 label to "energy__IN1__hl__ACQ_1 of NOR2D4"
1766120784.319524: 57864-7f345d5d40c0: cdpl_server.c:1824: in _sv_gen_task(): info: new task T93 in B1 (prio 6)
1766120784.319526: 57864-7f345d5d40c0: cdpl_server.c:2558: in cdpl_sv_label_task_va(): info: setting task T93 label to "energy__IN2__lh__ACQ_1 of NOR2D4"
1766120784.319550: 57864-7f345d5d40c0: cdpl_server.c:1824: in _sv_gen_task(): info: new task T94 in B1 (prio 6)
1766120784.319552: 57864-7f345d5d40c0: cdpl_server.c:2558: in cdpl_sv_label_task_va(): info: setting task T94 label to "energy__IN2__hl__ACQ_1 of NOR2D4"
1766120784.319576: 57864-7f345d5d40c0: cdpl_server.c:1824: in _sv_gen_task(): info: new task T95 in B1 (prio 3)
1766120784.319578: 57864-7f345d5d40c0: cdpl_server.c:2558: in cdpl_sv_label_task_va(): info: setting task T95 label to "delay__IN1__lh__OUT__hl__ACQ_1 of NOR2D4"
1766120784.319609: 57864-7f345d5d40c0: cdpl_server.c:1824: in _sv_gen_task(): info: new task T96 in B1 (prio 3)
1766120784.319612: 57864-7f345d5d40c0: cdpl_server.c:2558: in cdpl_sv_label_task_va(): info: setting task T96 label to "delay__IN1__hl__OUT__lh__ACQ_1 of NOR2D4"
1766120784.319635: 57864-7f345d5d40c0: cdpl_server.c:1824: in _sv_gen_task(): info: new task T97 in B1 (prio 3)
1766120784.319637: 57864-7f345d5d40c0: cdpl_server.c:2558: in cdpl_sv_label_task_va(): info: setting task T97 label to "delay__IN2__lh__OUT__hl__ACQ_1 of NOR2D4"
1766120784.319661: 57864-7f345d5d40c0: cdpl_server.c:1824: in _sv_gen_task(): info: new task T98 in B1 (prio 3)
1766120784.319663: 57864-7f345d5d40c0: cdpl_server.c:2558: in cdpl_sv_label_task_va(): info: setting task T98 label to "delay__IN2__hl__OUT__lh__ACQ_1 of NOR2D4"
1766120784.322334: 57864-7f345d5d40c0: cdpl_server.c:1824: in _sv_gen_task(): info: new task T99 in B1 (prio 4)
1766120784.322341: 57864-7f345d5d40c0: cdpl_server.c:2558: in cdpl_sv_label_task_va(): info: setting task T99 label to "leakage_power__ACQ_1 of NOR2D8"
1766120784.322378: 57864-7f345d5d40c0: cdpl_server.c:1824: in _sv_gen_task(): info: new task T100 in B1 (prio 6)
1766120784.322381: 57864-7f345d5d40c0: cdpl_server.c:2558: in cdpl_sv_label_task_va(): info: setting task T100 label to "energy__IN1__lh__ACQ_1 of NOR2D8"
1766120784.322407: 57864-7f345d5d40c0: cdpl_server.c:1824: in _sv_gen_task(): info: new task T101 in B1 (prio 6)
1766120784.322409: 57864-7f345d5d40c0: cdpl_server.c:2558: in cdpl_sv_label_task_va(): info: setting task T101 label to "energy__IN1__hl__ACQ_1 of NOR2D8"
1766120784.322432: 57864-7f345d5d40c0: cdpl_server.c:1824: in _sv_gen_task(): info: new task T102 in B1 (prio 6)
1766120784.322434: 57864-7f345d5d40c0: cdpl_server.c:2558: in cdpl_sv_label_task_va(): info: setting task T102 label to "energy__IN2__lh__ACQ_1 of NOR2D8"
1766120784.322457: 57864-7f345d5d40c0: cdpl_server.c:1824: in _sv_gen_task(): info: new task T103 in B1 (prio 6)
1766120784.322459: 57864-7f345d5d40c0: cdpl_server.c:2558: in cdpl_sv_label_task_va(): info: setting task T103 label to "energy__IN2__hl__ACQ_1 of NOR2D8"
1766120784.322484: 57864-7f345d5d40c0: cdpl_server.c:1824: in _sv_gen_task(): info: new task T104 in B1 (prio 3)
1766120784.322486: 57864-7f345d5d40c0: cdpl_server.c:2558: in cdpl_sv_label_task_va(): info: setting task T104 label to "delay__IN1__lh__OUT__hl__ACQ_1 of NOR2D8"
1766120784.322517: 57864-7f345d5d40c0: cdpl_server.c:1824: in _sv_gen_task(): info: new task T105 in B1 (prio 3)
1766120784.322520: 57864-7f345d5d40c0: cdpl_server.c:2558: in cdpl_sv_label_task_va(): info: setting task T105 label to "delay__IN1__hl__OUT__lh__ACQ_1 of NOR2D8"
1766120784.322545: 57864-7f345d5d40c0: cdpl_server.c:1824: in _sv_gen_task(): info: new task T106 in B1 (prio 3)
1766120784.322547: 57864-7f345d5d40c0: cdpl_server.c:2558: in cdpl_sv_label_task_va(): info: setting task T106 label to "delay__IN2__lh__OUT__hl__ACQ_1 of NOR2D8"
1766120784.322569: 57864-7f345d5d40c0: cdpl_server.c:1824: in _sv_gen_task(): info: new task T107 in B1 (prio 3)
1766120784.322572: 57864-7f345d5d40c0: cdpl_server.c:2558: in cdpl_sv_label_task_va(): info: setting task T107 label to "delay__IN2__hl__OUT__lh__ACQ_1 of NOR2D8"
1766120784.325246: 57864-7f345d5d40c0: cdpl_server.c:1824: in _sv_gen_task(): info: new task T108 in B1 (prio 4)
1766120784.325253: 57864-7f345d5d40c0: cdpl_server.c:2558: in cdpl_sv_label_task_va(): info: setting task T108 label to "leakage_power__ACQ_1 of OR2D1"
1766120784.325289: 57864-7f345d5d40c0: cdpl_server.c:1824: in _sv_gen_task(): info: new task T109 in B1 (prio 6)
1766120784.325292: 57864-7f345d5d40c0: cdpl_server.c:2558: in cdpl_sv_label_task_va(): info: setting task T109 label to "energy__IN1__lh__ACQ_1 of OR2D1"
1766120784.325318: 57864-7f345d5d40c0: cdpl_server.c:1824: in _sv_gen_task(): info: new task T110 in B1 (prio 6)
1766120784.325321: 57864-7f345d5d40c0: cdpl_server.c:2558: in cdpl_sv_label_task_va(): info: setting task T110 label to "energy__IN1__hl__ACQ_1 of OR2D1"
1766120784.325343: 57864-7f345d5d40c0: cdpl_server.c:1824: in _sv_gen_task(): info: new task T111 in B1 (prio 6)
1766120784.325347: 57864-7f345d5d40c0: cdpl_server.c:2558: in cdpl_sv_label_task_va(): info: setting task T111 label to "energy__IN2__lh__ACQ_1 of OR2D1"
1766120784.325370: 57864-7f345d5d40c0: cdpl_server.c:1824: in _sv_gen_task(): info: new task T112 in B1 (prio 6)
1766120784.325372: 57864-7f345d5d40c0: cdpl_server.c:2558: in cdpl_sv_label_task_va(): info: setting task T112 label to "energy__IN2__hl__ACQ_1 of OR2D1"
1766120784.325397: 57864-7f345d5d40c0: cdpl_server.c:1824: in _sv_gen_task(): info: new task T113 in B1 (prio 3)
1766120784.325399: 57864-7f345d5d40c0: cdpl_server.c:2558: in cdpl_sv_label_task_va(): info: setting task T113 label to "delay__IN1__lh__OUT__lh__ACQ_1 of OR2D1"
1766120784.325424: 57864-7f345d5d40c0: cdpl_server.c:1824: in _sv_gen_task(): info: new task T114 in B1 (prio 3)
1766120784.325426: 57864-7f345d5d40c0: cdpl_server.c:2558: in cdpl_sv_label_task_va(): info: setting task T114 label to "delay__IN1__hl__OUT__hl__ACQ_1 of OR2D1"
1766120784.325449: 57864-7f345d5d40c0: cdpl_server.c:1824: in _sv_gen_task(): info: new task T115 in B1 (prio 3)
1766120784.325451: 57864-7f345d5d40c0: cdpl_server.c:2558: in cdpl_sv_label_task_va(): info: setting task T115 label to "delay__IN2__lh__OUT__lh__ACQ_1 of OR2D1"
1766120784.325475: 57864-7f345d5d40c0: cdpl_server.c:1824: in _sv_gen_task(): info: new task T116 in B1 (prio 3)
1766120784.325478: 57864-7f345d5d40c0: cdpl_server.c:2558: in cdpl_sv_label_task_va(): info: setting task T116 label to "delay__IN2__hl__OUT__hl__ACQ_1 of OR2D1"
1766120784.328151: 57864-7f345d5d40c0: cdpl_server.c:1824: in _sv_gen_task(): info: new task T117 in B1 (prio 4)
1766120784.328158: 57864-7f345d5d40c0: cdpl_server.c:2558: in cdpl_sv_label_task_va(): info: setting task T117 label to "leakage_power__ACQ_1 of OR2D2"
1766120784.328192: 57864-7f345d5d40c0: cdpl_server.c:1824: in _sv_gen_task(): info: new task T118 in B1 (prio 6)
1766120784.328195: 57864-7f345d5d40c0: cdpl_server.c:2558: in cdpl_sv_label_task_va(): info: setting task T118 label to "energy__IN1__lh__ACQ_1 of OR2D2"
1766120784.328220: 57864-7f345d5d40c0: cdpl_server.c:1824: in _sv_gen_task(): info: new task T119 in B1 (prio 6)
1766120784.328223: 57864-7f345d5d40c0: cdpl_server.c:2558: in cdpl_sv_label_task_va(): info: setting task T119 label to "energy__IN1__hl__ACQ_1 of OR2D2"
1766120784.328248: 57864-7f345d5d40c0: cdpl_server.c:1824: in _sv_gen_task(): info: new task T120 in B1 (prio 6)
1766120784.328251: 57864-7f345d5d40c0: cdpl_server.c:2558: in cdpl_sv_label_task_va(): info: setting task T120 label to "energy__IN2__lh__ACQ_1 of OR2D2"
1766120784.328273: 57864-7f345d5d40c0: cdpl_server.c:1824: in _sv_gen_task(): info: new task T121 in B1 (prio 6)
1766120784.328275: 57864-7f345d5d40c0: cdpl_server.c:2558: in cdpl_sv_label_task_va(): info: setting task T121 label to "energy__IN2__hl__ACQ_1 of OR2D2"
1766120784.328301: 57864-7f345d5d40c0: cdpl_server.c:1824: in _sv_gen_task(): info: new task T122 in B1 (prio 3)
1766120784.328304: 57864-7f345d5d40c0: cdpl_server.c:2558: in cdpl_sv_label_task_va(): info: setting task T122 label to "delay__IN1__lh__OUT__lh__ACQ_1 of OR2D2"
1766120784.328326: 57864-7f345d5d40c0: cdpl_server.c:1824: in _sv_gen_task(): info: new task T123 in B1 (prio 3)
1766120784.328328: 57864-7f345d5d40c0: cdpl_server.c:2558: in cdpl_sv_label_task_va(): info: setting task T123 label to "delay__IN1__hl__OUT__hl__ACQ_1 of OR2D2"
1766120784.328352: 57864-7f345d5d40c0: cdpl_server.c:1824: in _sv_gen_task(): info: new task T124 in B1 (prio 3)
1766120784.328354: 57864-7f345d5d40c0: cdpl_server.c:2558: in cdpl_sv_label_task_va(): info: setting task T124 label to "delay__IN2__lh__OUT__lh__ACQ_1 of OR2D2"
1766120784.328377: 57864-7f345d5d40c0: cdpl_server.c:1824: in _sv_gen_task(): info: new task T125 in B1 (prio 3)
1766120784.328379: 57864-7f345d5d40c0: cdpl_server.c:2558: in cdpl_sv_label_task_va(): info: setting task T125 label to "delay__IN2__hl__OUT__hl__ACQ_1 of OR2D2"
1766120784.331071: 57864-7f345d5d40c0: cdpl_server.c:1824: in _sv_gen_task(): info: new task T126 in B1 (prio 4)
1766120784.331078: 57864-7f345d5d40c0: cdpl_server.c:2558: in cdpl_sv_label_task_va(): info: setting task T126 label to "leakage_power__ACQ_1 of OR2D4"
1766120784.331113: 57864-7f345d5d40c0: cdpl_server.c:1824: in _sv_gen_task(): info: new task T127 in B1 (prio 6)
1766120784.331116: 57864-7f345d5d40c0: cdpl_server.c:2558: in cdpl_sv_label_task_va(): info: setting task T127 label to "energy__IN1__lh__ACQ_1 of OR2D4"
1766120784.331141: 57864-7f345d5d40c0: cdpl_server.c:1824: in _sv_gen_task(): info: new task T128 in B1 (prio 6)
1766120784.331144: 57864-7f345d5d40c0: cdpl_server.c:2558: in cdpl_sv_label_task_va(): info: setting task T128 label to "energy__IN1__hl__ACQ_1 of OR2D4"
1766120784.331166: 57864-7f345d5d40c0: cdpl_server.c:1824: in _sv_gen_task(): info: new task T129 in B1 (prio 6)
1766120784.331168: 57864-7f345d5d40c0: cdpl_server.c:2558: in cdpl_sv_label_task_va(): info: setting task T129 label to "energy__IN2__lh__ACQ_1 of OR2D4"
1766120784.331192: 57864-7f345d5d40c0: cdpl_server.c:1824: in _sv_gen_task(): info: new task T130 in B1 (prio 6)
1766120784.331194: 57864-7f345d5d40c0: cdpl_server.c:2558: in cdpl_sv_label_task_va(): info: setting task T130 label to "energy__IN2__hl__ACQ_1 of OR2D4"
1766120784.331218: 57864-7f345d5d40c0: cdpl_server.c:1824: in _sv_gen_task(): info: new task T131 in B1 (prio 3)
1766120784.331221: 57864-7f345d5d40c0: cdpl_server.c:2558: in cdpl_sv_label_task_va(): info: setting task T131 label to "delay__IN1__lh__OUT__lh__ACQ_1 of OR2D4"
1766120784.331246: 57864-7f345d5d40c0: cdpl_server.c:1824: in _sv_gen_task(): info: new task T132 in B1 (prio 3)
1766120784.331248: 57864-7f345d5d40c0: cdpl_server.c:2558: in cdpl_sv_label_task_va(): info: setting task T132 label to "delay__IN1__hl__OUT__hl__ACQ_1 of OR2D4"
1766120784.331271: 57864-7f345d5d40c0: cdpl_server.c:1824: in _sv_gen_task(): info: new task T133 in B1 (prio 3)
1766120784.331273: 57864-7f345d5d40c0: cdpl_server.c:2558: in cdpl_sv_label_task_va(): info: setting task T133 label to "delay__IN2__lh__OUT__lh__ACQ_1 of OR2D4"
1766120784.331295: 57864-7f345d5d40c0: cdpl_server.c:1824: in _sv_gen_task(): info: new task T134 in B1 (prio 3)
1766120784.331297: 57864-7f345d5d40c0: cdpl_server.c:2558: in cdpl_sv_label_task_va(): info: setting task T134 label to "delay__IN2__hl__OUT__hl__ACQ_1 of OR2D4"
1766120784.333953: 57864-7f345d5d40c0: cdpl_server.c:1824: in _sv_gen_task(): info: new task T135 in B1 (prio 4)
1766120784.333963: 57864-7f345d5d40c0: cdpl_server.c:2558: in cdpl_sv_label_task_va(): info: setting task T135 label to "leakage_power__ACQ_1 of OR2D8"
1766120784.333997: 57864-7f345d5d40c0: cdpl_server.c:1824: in _sv_gen_task(): info: new task T136 in B1 (prio 6)
1766120784.334000: 57864-7f345d5d40c0: cdpl_server.c:2558: in cdpl_sv_label_task_va(): info: setting task T136 label to "energy__IN1__lh__ACQ_1 of OR2D8"
1766120784.334025: 57864-7f345d5d40c0: cdpl_server.c:1824: in _sv_gen_task(): info: new task T137 in B1 (prio 6)
1766120784.334027: 57864-7f345d5d40c0: cdpl_server.c:2558: in cdpl_sv_label_task_va(): info: setting task T137 label to "energy__IN1__hl__ACQ_1 of OR2D8"
1766120784.334052: 57864-7f345d5d40c0: cdpl_server.c:1824: in _sv_gen_task(): info: new task T138 in B1 (prio 6)
1766120784.334055: 57864-7f345d5d40c0: cdpl_server.c:2558: in cdpl_sv_label_task_va(): info: setting task T138 label to "energy__IN2__lh__ACQ_1 of OR2D8"
1766120784.334078: 57864-7f345d5d40c0: cdpl_server.c:1824: in _sv_gen_task(): info: new task T139 in B1 (prio 6)
1766120784.334080: 57864-7f345d5d40c0: cdpl_server.c:2558: in cdpl_sv_label_task_va(): info: setting task T139 label to "energy__IN2__hl__ACQ_1 of OR2D8"
1766120784.334103: 57864-7f345d5d40c0: cdpl_server.c:1824: in _sv_gen_task(): info: new task T140 in B1 (prio 3)
1766120784.334106: 57864-7f345d5d40c0: cdpl_server.c:2558: in cdpl_sv_label_task_va(): info: setting task T140 label to "delay__IN1__lh__OUT__lh__ACQ_1 of OR2D8"
1766120784.334129: 57864-7f345d5d40c0: cdpl_server.c:1824: in _sv_gen_task(): info: new task T141 in B1 (prio 3)
1766120784.334131: 57864-7f345d5d40c0: cdpl_server.c:2558: in cdpl_sv_label_task_va(): info: setting task T141 label to "delay__IN1__hl__OUT__hl__ACQ_1 of OR2D8"
1766120784.334153: 57864-7f345d5d40c0: cdpl_server.c:1824: in _sv_gen_task(): info: new task T142 in B1 (prio 3)
1766120784.334155: 57864-7f345d5d40c0: cdpl_server.c:2558: in cdpl_sv_label_task_va(): info: setting task T142 label to "delay__IN2__lh__OUT__lh__ACQ_1 of OR2D8"
1766120784.334176: 57864-7f345d5d40c0: cdpl_server.c:1824: in _sv_gen_task(): info: new task T143 in B1 (prio 3)
1766120784.334179: 57864-7f345d5d40c0: cdpl_server.c:2558: in cdpl_sv_label_task_va(): info: setting task T143 label to "delay__IN2__hl__OUT__hl__ACQ_1 of OR2D8"
1766120784.336873: 57864-7f345d5d40c0: cdpl_server.c:1824: in _sv_gen_task(): info: new task T144 in B1 (prio 4)
1766120784.336880: 57864-7f345d5d40c0: cdpl_server.c:2558: in cdpl_sv_label_task_va(): info: setting task T144 label to "leakage_power__ACQ_1 of XNOR2D1"
1766120784.336915: 57864-7f345d5d40c0: cdpl_server.c:1824: in _sv_gen_task(): info: new task T145 in B1 (prio 3)
1766120784.336918: 57864-7f345d5d40c0: cdpl_server.c:2558: in cdpl_sv_label_task_va(): info: setting task T145 label to "delay__IN1__lh__OUT__lh__ACQ_1 of XNOR2D1"
1766120784.336947: 57864-7f345d5d40c0: cdpl_server.c:1824: in _sv_gen_task(): info: new task T146 in B1 (prio 3)
1766120784.336949: 57864-7f345d5d40c0: cdpl_server.c:2558: in cdpl_sv_label_task_va(): info: setting task T146 label to "delay__IN1__lh__OUT__hl__ACQ_1 of XNOR2D1"
1766120784.336973: 57864-7f345d5d40c0: cdpl_server.c:1824: in _sv_gen_task(): info: new task T147 in B1 (prio 3)
1766120784.336976: 57864-7f345d5d40c0: cdpl_server.c:2558: in cdpl_sv_label_task_va(): info: setting task T147 label to "delay__IN1__hl__OUT__lh__ACQ_1 of XNOR2D1"
1766120784.336998: 57864-7f345d5d40c0: cdpl_server.c:1824: in _sv_gen_task(): info: new task T148 in B1 (prio 3)
1766120784.337000: 57864-7f345d5d40c0: cdpl_server.c:2558: in cdpl_sv_label_task_va(): info: setting task T148 label to "delay__IN1__hl__OUT__hl__ACQ_1 of XNOR2D1"
1766120784.337023: 57864-7f345d5d40c0: cdpl_server.c:1824: in _sv_gen_task(): info: new task T149 in B1 (prio 3)
1766120784.337025: 57864-7f345d5d40c0: cdpl_server.c:2558: in cdpl_sv_label_task_va(): info: setting task T149 label to "delay__IN2__lh__OUT__lh__ACQ_1 of XNOR2D1"
1766120784.337048: 57864-7f345d5d40c0: cdpl_server.c:1824: in _sv_gen_task(): info: new task T150 in B1 (prio 3)
1766120784.337053: 57864-7f345d5d40c0: cdpl_server.c:2558: in cdpl_sv_label_task_va(): info: setting task T150 label to "delay__IN2__lh__OUT__hl__ACQ_1 of XNOR2D1"
1766120784.337075: 57864-7f345d5d40c0: cdpl_server.c:1824: in _sv_gen_task(): info: new task T151 in B1 (prio 3)
1766120784.337077: 57864-7f345d5d40c0: cdpl_server.c:2558: in cdpl_sv_label_task_va(): info: setting task T151 label to "delay__IN2__hl__OUT__lh__ACQ_1 of XNOR2D1"
1766120784.337100: 57864-7f345d5d40c0: cdpl_server.c:1824: in _sv_gen_task(): info: new task T152 in B1 (prio 3)
1766120784.337102: 57864-7f345d5d40c0: cdpl_server.c:2558: in cdpl_sv_label_task_va(): info: setting task T152 label to "delay__IN2__hl__OUT__hl__ACQ_1 of XNOR2D1"
1766120784.339791: 57864-7f345d5d40c0: cdpl_server.c:1824: in _sv_gen_task(): info: new task T153 in B1 (prio 5)
1766120784.339798: 57864-7f345d5d40c0: cdpl_server.c:2558: in cdpl_sv_label_task_va(): info: setting task T153 label to "leakage_power__ACQ_1 of XNOR2D2"
1766120784.339833: 57864-7f345d5d40c0: cdpl_server.c:1824: in _sv_gen_task(): info: new task T154 in B1 (prio 4)
1766120784.339836: 57864-7f345d5d40c0: cdpl_server.c:2558: in cdpl_sv_label_task_va(): info: setting task T154 label to "delay__IN1__lh__OUT__lh__ACQ_1 of XNOR2D2"
1766120784.339864: 57864-7f345d5d40c0: cdpl_server.c:1824: in _sv_gen_task(): info: new task T155 in B1 (prio 4)
1766120784.339866: 57864-7f345d5d40c0: cdpl_server.c:2558: in cdpl_sv_label_task_va(): info: setting task T155 label to "delay__IN1__lh__OUT__hl__ACQ_1 of XNOR2D2"
1766120784.339890: 57864-7f345d5d40c0: cdpl_server.c:1824: in _sv_gen_task(): info: new task T156 in B1 (prio 4)
1766120784.339893: 57864-7f345d5d40c0: cdpl_server.c:2558: in cdpl_sv_label_task_va(): info: setting task T156 label to "delay__IN1__hl__OUT__lh__ACQ_1 of XNOR2D2"
1766120784.339917: 57864-7f345d5d40c0: cdpl_server.c:1824: in _sv_gen_task(): info: new task T157 in B1 (prio 4)
1766120784.339919: 57864-7f345d5d40c0: cdpl_server.c:2558: in cdpl_sv_label_task_va(): info: setting task T157 label to "delay__IN1__hl__OUT__hl__ACQ_1 of XNOR2D2"
1766120784.339943: 57864-7f345d5d40c0: cdpl_server.c:1824: in _sv_gen_task(): info: new task T158 in B1 (prio 4)
1766120784.339946: 57864-7f345d5d40c0: cdpl_server.c:2558: in cdpl_sv_label_task_va(): info: setting task T158 label to "delay__IN2__lh__OUT__lh__ACQ_1 of XNOR2D2"
1766120784.339968: 57864-7f345d5d40c0: cdpl_server.c:1824: in _sv_gen_task(): info: new task T159 in B1 (prio 4)
1766120784.339970: 57864-7f345d5d40c0: cdpl_server.c:2558: in cdpl_sv_label_task_va(): info: setting task T159 label to "delay__IN2__lh__OUT__hl__ACQ_1 of XNOR2D2"
1766120784.339992: 57864-7f345d5d40c0: cdpl_server.c:1824: in _sv_gen_task(): info: new task T160 in B1 (prio 4)
1766120784.339994: 57864-7f345d5d40c0: cdpl_server.c:2558: in cdpl_sv_label_task_va(): info: setting task T160 label to "delay__IN2__hl__OUT__lh__ACQ_1 of XNOR2D2"
1766120784.340015: 57864-7f345d5d40c0: cdpl_server.c:1824: in _sv_gen_task(): info: new task T161 in B1 (prio 4)
1766120784.340017: 57864-7f345d5d40c0: cdpl_server.c:2558: in cdpl_sv_label_task_va(): info: setting task T161 label to "delay__IN2__hl__OUT__hl__ACQ_1 of XNOR2D2"
1766120784.342693: 57864-7f345d5d40c0: cdpl_server.c:1824: in _sv_gen_task(): info: new task T162 in B1 (prio 5)
1766120784.342701: 57864-7f345d5d40c0: cdpl_server.c:2558: in cdpl_sv_label_task_va(): info: setting task T162 label to "leakage_power__ACQ_1 of XNOR2D4"
1766120784.342736: 57864-7f345d5d40c0: cdpl_server.c:1824: in _sv_gen_task(): info: new task T163 in B1 (prio 4)
1766120784.342739: 57864-7f345d5d40c0: cdpl_server.c:2558: in cdpl_sv_label_task_va(): info: setting task T163 label to "delay__IN1__lh__OUT__lh__ACQ_1 of XNOR2D4"
1766120784.342766: 57864-7f345d5d40c0: cdpl_server.c:1824: in _sv_gen_task(): info: new task T164 in B1 (prio 4)
1766120784.342768: 57864-7f345d5d40c0: cdpl_server.c:2558: in cdpl_sv_label_task_va(): info: setting task T164 label to "delay__IN1__lh__OUT__hl__ACQ_1 of XNOR2D4"
1766120784.342796: 57864-7f345d5d40c0: cdpl_server.c:1824: in _sv_gen_task(): info: new task T165 in B1 (prio 4)
1766120784.342798: 57864-7f345d5d40c0: cdpl_server.c:2558: in cdpl_sv_label_task_va(): info: setting task T165 label to "delay__IN1__hl__OUT__lh__ACQ_1 of XNOR2D4"
1766120784.342821: 57864-7f345d5d40c0: cdpl_server.c:1824: in _sv_gen_task(): info: new task T166 in B1 (prio 4)
1766120784.342824: 57864-7f345d5d40c0: cdpl_server.c:2558: in cdpl_sv_label_task_va(): info: setting task T166 label to "delay__IN1__hl__OUT__hl__ACQ_1 of XNOR2D4"
1766120784.342847: 57864-7f345d5d40c0: cdpl_server.c:1824: in _sv_gen_task(): info: new task T167 in B1 (prio 4)
1766120784.342849: 57864-7f345d5d40c0: cdpl_server.c:2558: in cdpl_sv_label_task_va(): info: setting task T167 label to "delay__IN2__lh__OUT__lh__ACQ_1 of XNOR2D4"
1766120784.342870: 57864-7f345d5d40c0: cdpl_server.c:1824: in _sv_gen_task(): info: new task T168 in B1 (prio 4)
1766120784.342873: 57864-7f345d5d40c0: cdpl_server.c:2558: in cdpl_sv_label_task_va(): info: setting task T168 label to "delay__IN2__lh__OUT__hl__ACQ_1 of XNOR2D4"
1766120784.342895: 57864-7f345d5d40c0: cdpl_server.c:1824: in _sv_gen_task(): info: new task T169 in B1 (prio 4)
1766120784.342897: 57864-7f345d5d40c0: cdpl_server.c:2558: in cdpl_sv_label_task_va(): info: setting task T169 label to "delay__IN2__hl__OUT__lh__ACQ_1 of XNOR2D4"
1766120784.342919: 57864-7f345d5d40c0: cdpl_server.c:1824: in _sv_gen_task(): info: new task T170 in B1 (prio 4)
1766120784.342921: 57864-7f345d5d40c0: cdpl_server.c:2558: in cdpl_sv_label_task_va(): info: setting task T170 label to "delay__IN2__hl__OUT__hl__ACQ_1 of XNOR2D4"
1766120784.345577: 57864-7f345d5d40c0: cdpl_server.c:1824: in _sv_gen_task(): info: new task T171 in B1 (prio 5)
1766120784.345585: 57864-7f345d5d40c0: cdpl_server.c:2558: in cdpl_sv_label_task_va(): info: setting task T171 label to "leakage_power__ACQ_1 of XNOR2D8"
1766120784.345625: 57864-7f345d5d40c0: cdpl_server.c:1824: in _sv_gen_task(): info: new task T172 in B1 (prio 4)
1766120784.345628: 57864-7f345d5d40c0: cdpl_server.c:2558: in cdpl_sv_label_task_va(): info: setting task T172 label to "delay__IN1__lh__OUT__lh__ACQ_1 of XNOR2D8"
1766120784.345657: 57864-7f345d5d40c0: cdpl_server.c:1824: in _sv_gen_task(): info: new task T173 in B1 (prio 4)
1766120784.345660: 57864-7f345d5d40c0: cdpl_server.c:2558: in cdpl_sv_label_task_va(): info: setting task T173 label to "delay__IN1__lh__OUT__hl__ACQ_1 of XNOR2D8"
1766120784.345685: 57864-7f345d5d40c0: cdpl_server.c:1824: in _sv_gen_task(): info: new task T174 in B1 (prio 4)
1766120784.345688: 57864-7f345d5d40c0: cdpl_server.c:2558: in cdpl_sv_label_task_va(): info: setting task T174 label to "delay__IN1__hl__OUT__lh__ACQ_1 of XNOR2D8"
1766120784.345710: 57864-7f345d5d40c0: cdpl_server.c:1824: in _sv_gen_task(): info: new task T175 in B1 (prio 4)
1766120784.345712: 57864-7f345d5d40c0: cdpl_server.c:2558: in cdpl_sv_label_task_va(): info: setting task T175 label to "delay__IN1__hl__OUT__hl__ACQ_1 of XNOR2D8"
1766120784.345735: 57864-7f345d5d40c0: cdpl_server.c:1824: in _sv_gen_task(): info: new task T176 in B1 (prio 4)
1766120784.345737: 57864-7f345d5d40c0: cdpl_server.c:2558: in cdpl_sv_label_task_va(): info: setting task T176 label to "delay__IN2__lh__OUT__lh__ACQ_1 of XNOR2D8"
1766120784.345760: 57864-7f345d5d40c0: cdpl_server.c:1824: in _sv_gen_task(): info: new task T177 in B1 (prio 4)
1766120784.345762: 57864-7f345d5d40c0: cdpl_server.c:2558: in cdpl_sv_label_task_va(): info: setting task T177 label to "delay__IN2__lh__OUT__hl__ACQ_1 of XNOR2D8"
1766120784.345783: 57864-7f345d5d40c0: cdpl_server.c:1824: in _sv_gen_task(): info: new task T178 in B1 (prio 4)
1766120784.345786: 57864-7f345d5d40c0: cdpl_server.c:2558: in cdpl_sv_label_task_va(): info: setting task T178 label to "delay__IN2__hl__OUT__lh__ACQ_1 of XNOR2D8"
1766120784.345808: 57864-7f345d5d40c0: cdpl_server.c:1824: in _sv_gen_task(): info: new task T179 in B1 (prio 4)
1766120784.345810: 57864-7f345d5d40c0: cdpl_server.c:2558: in cdpl_sv_label_task_va(): info: setting task T179 label to "delay__IN2__hl__OUT__hl__ACQ_1 of XNOR2D8"
1766120784.348500: 57864-7f345d5d40c0: cdpl_server.c:1824: in _sv_gen_task(): info: new task T180 in B1 (prio 5)
1766120784.348508: 57864-7f345d5d40c0: cdpl_server.c:2558: in cdpl_sv_label_task_va(): info: setting task T180 label to "leakage_power__ACQ_1 of XOR2D1"
1766120784.348543: 57864-7f345d5d40c0: cdpl_server.c:1824: in _sv_gen_task(): info: new task T181 in B1 (prio 4)
1766120784.348546: 57864-7f345d5d40c0: cdpl_server.c:2558: in cdpl_sv_label_task_va(): info: setting task T181 label to "delay__IN1__lh__OUT__lh__ACQ_1 of XOR2D1"
1766120784.348573: 57864-7f345d5d40c0: cdpl_server.c:1824: in _sv_gen_task(): info: new task T182 in B1 (prio 4)
1766120784.348575: 57864-7f345d5d40c0: cdpl_server.c:2558: in cdpl_sv_label_task_va(): info: setting task T182 label to "delay__IN1__lh__OUT__hl__ACQ_1 of XOR2D1"
1766120784.348603: 57864-7f345d5d40c0: cdpl_server.c:1824: in _sv_gen_task(): info: new task T183 in B1 (prio 4)
1766120784.348606: 57864-7f345d5d40c0: cdpl_server.c:2558: in cdpl_sv_label_task_va(): info: setting task T183 label to "delay__IN1__hl__OUT__lh__ACQ_1 of XOR2D1"
1766120784.348630: 57864-7f345d5d40c0: cdpl_server.c:1824: in _sv_gen_task(): info: new task T184 in B1 (prio 4)
1766120784.348632: 57864-7f345d5d40c0: cdpl_server.c:2558: in cdpl_sv_label_task_va(): info: setting task T184 label to "delay__IN1__hl__OUT__hl__ACQ_1 of XOR2D1"
1766120784.348654: 57864-7f345d5d40c0: cdpl_server.c:1824: in _sv_gen_task(): info: new task T185 in B1 (prio 4)
1766120784.348656: 57864-7f345d5d40c0: cdpl_server.c:2558: in cdpl_sv_label_task_va(): info: setting task T185 label to "delay__IN2__lh__OUT__lh__ACQ_1 of XOR2D1"
1766120784.348678: 57864-7f345d5d40c0: cdpl_server.c:1824: in _sv_gen_task(): info: new task T186 in B1 (prio 4)
1766120784.348680: 57864-7f345d5d40c0: cdpl_server.c:2558: in cdpl_sv_label_task_va(): info: setting task T186 label to "delay__IN2__lh__OUT__hl__ACQ_1 of XOR2D1"
1766120784.348701: 57864-7f345d5d40c0: cdpl_server.c:1824: in _sv_gen_task(): info: new task T187 in B1 (prio 4)
1766120784.348703: 57864-7f345d5d40c0: cdpl_server.c:2558: in cdpl_sv_label_task_va(): info: setting task T187 label to "delay__IN2__hl__OUT__lh__ACQ_1 of XOR2D1"
1766120784.348723: 57864-7f345d5d40c0: cdpl_server.c:1824: in _sv_gen_task(): info: new task T188 in B1 (prio 4)
1766120784.348726: 57864-7f345d5d40c0: cdpl_server.c:2558: in cdpl_sv_label_task_va(): info: setting task T188 label to "delay__IN2__hl__OUT__hl__ACQ_1 of XOR2D1"
1766120784.351374: 57864-7f345d5d40c0: cdpl_server.c:1824: in _sv_gen_task(): info: new task T189 in B1 (prio 5)
1766120784.351382: 57864-7f345d5d40c0: cdpl_server.c:2558: in cdpl_sv_label_task_va(): info: setting task T189 label to "leakage_power__ACQ_1 of XOR2D2"
1766120784.351417: 57864-7f345d5d40c0: cdpl_server.c:1824: in _sv_gen_task(): info: new task T190 in B1 (prio 4)
1766120784.351419: 57864-7f345d5d40c0: cdpl_server.c:2558: in cdpl_sv_label_task_va(): info: setting task T190 label to "delay__IN1__lh__OUT__lh__ACQ_1 of XOR2D2"
1766120784.351447: 57864-7f345d5d40c0: cdpl_server.c:1824: in _sv_gen_task(): info: new task T191 in B1 (prio 4)
1766120784.351449: 57864-7f345d5d40c0: cdpl_server.c:2558: in cdpl_sv_label_task_va(): info: setting task T191 label to "delay__IN1__lh__OUT__hl__ACQ_1 of XOR2D2"
1766120784.351476: 57864-7f345d5d40c0: cdpl_server.c:1824: in _sv_gen_task(): info: new task T192 in B1 (prio 4)
1766120784.351478: 57864-7f345d5d40c0: cdpl_server.c:2558: in cdpl_sv_label_task_va(): info: setting task T192 label to "delay__IN1__hl__OUT__lh__ACQ_1 of XOR2D2"
1766120784.351501: 57864-7f345d5d40c0: cdpl_server.c:1824: in _sv_gen_task(): info: new task T193 in B1 (prio 4)
1766120784.351504: 57864-7f345d5d40c0: cdpl_server.c:2558: in cdpl_sv_label_task_va(): info: setting task T193 label to "delay__IN1__hl__OUT__hl__ACQ_1 of XOR2D2"
1766120784.351526: 57864-7f345d5d40c0: cdpl_server.c:1824: in _sv_gen_task(): info: new task T194 in B1 (prio 4)
1766120784.351529: 57864-7f345d5d40c0: cdpl_server.c:2558: in cdpl_sv_label_task_va(): info: setting task T194 label to "delay__IN2__lh__OUT__lh__ACQ_1 of XOR2D2"
1766120784.351555: 57864-7f345d5d40c0: cdpl_server.c:1824: in _sv_gen_task(): info: new task T195 in B1 (prio 4)
1766120784.351558: 57864-7f345d5d40c0: cdpl_server.c:2558: in cdpl_sv_label_task_va(): info: setting task T195 label to "delay__IN2__lh__OUT__hl__ACQ_1 of XOR2D2"
1766120784.351579: 57864-7f345d5d40c0: cdpl_server.c:1824: in _sv_gen_task(): info: new task T196 in B1 (prio 4)
1766120784.351581: 57864-7f345d5d40c0: cdpl_server.c:2558: in cdpl_sv_label_task_va(): info: setting task T196 label to "delay__IN2__hl__OUT__lh__ACQ_1 of XOR2D2"
1766120784.351607: 57864-7f345d5d40c0: cdpl_server.c:1824: in _sv_gen_task(): info: new task T197 in B1 (prio 4)
1766120784.351610: 57864-7f345d5d40c0: cdpl_server.c:2558: in cdpl_sv_label_task_va(): info: setting task T197 label to "delay__IN2__hl__OUT__hl__ACQ_1 of XOR2D2"
1766120784.354282: 57864-7f345d5d40c0: cdpl_server.c:1824: in _sv_gen_task(): info: new task T198 in B1 (prio 5)
1766120784.354290: 57864-7f345d5d40c0: cdpl_server.c:2558: in cdpl_sv_label_task_va(): info: setting task T198 label to "leakage_power__ACQ_1 of XOR2D4"
1766120784.354325: 57864-7f345d5d40c0: cdpl_server.c:1824: in _sv_gen_task(): info: new task T199 in B1 (prio 4)
1766120784.354328: 57864-7f345d5d40c0: cdpl_server.c:2558: in cdpl_sv_label_task_va(): info: setting task T199 label to "delay__IN1__lh__OUT__lh__ACQ_1 of XOR2D4"
1766120784.354354: 57864-7f345d5d40c0: cdpl_server.c:1824: in _sv_gen_task(): info: new task T200 in B1 (prio 4)
1766120784.354357: 57864-7f345d5d40c0: cdpl_server.c:2558: in cdpl_sv_label_task_va(): info: setting task T200 label to "delay__IN1__lh__OUT__hl__ACQ_1 of XOR2D4"
1766120784.354383: 57864-7f345d5d40c0: cdpl_server.c:1824: in _sv_gen_task(): info: new task T201 in B1 (prio 4)
1766120784.354386: 57864-7f345d5d40c0: cdpl_server.c:2558: in cdpl_sv_label_task_va(): info: setting task T201 label to "delay__IN1__hl__OUT__lh__ACQ_1 of XOR2D4"
1766120784.354409: 57864-7f345d5d40c0: cdpl_server.c:1824: in _sv_gen_task(): info: new task T202 in B1 (prio 4)
1766120784.354412: 57864-7f345d5d40c0: cdpl_server.c:2558: in cdpl_sv_label_task_va(): info: setting task T202 label to "delay__IN1__hl__OUT__hl__ACQ_1 of XOR2D4"
1766120784.354434: 57864-7f345d5d40c0: cdpl_server.c:1824: in _sv_gen_task(): info: new task T203 in B1 (prio 4)
1766120784.354436: 57864-7f345d5d40c0: cdpl_server.c:2558: in cdpl_sv_label_task_va(): info: setting task T203 label to "delay__IN2__lh__OUT__lh__ACQ_1 of XOR2D4"
1766120784.354459: 57864-7f345d5d40c0: cdpl_server.c:1824: in _sv_gen_task(): info: new task T204 in B1 (prio 4)
1766120784.354461: 57864-7f345d5d40c0: cdpl_server.c:2558: in cdpl_sv_label_task_va(): info: setting task T204 label to "delay__IN2__lh__OUT__hl__ACQ_1 of XOR2D4"
1766120784.354483: 57864-7f345d5d40c0: cdpl_server.c:1824: in _sv_gen_task(): info: new task T205 in B1 (prio 4)
1766120784.354485: 57864-7f345d5d40c0: cdpl_server.c:2558: in cdpl_sv_label_task_va(): info: setting task T205 label to "delay__IN2__hl__OUT__lh__ACQ_1 of XOR2D4"
1766120784.354508: 57864-7f345d5d40c0: cdpl_server.c:1824: in _sv_gen_task(): info: new task T206 in B1 (prio 4)
1766120784.354510: 57864-7f345d5d40c0: cdpl_server.c:2558: in cdpl_sv_label_task_va(): info: setting task T206 label to "delay__IN2__hl__OUT__hl__ACQ_1 of XOR2D4"
1766120784.357185: 57864-7f345d5d40c0: cdpl_server.c:1824: in _sv_gen_task(): info: new task T207 in B1 (prio 5)
1766120784.357192: 57864-7f345d5d40c0: cdpl_server.c:2558: in cdpl_sv_label_task_va(): info: setting task T207 label to "leakage_power__ACQ_1 of XOR2D8"
1766120784.357230: 57864-7f345d5d40c0: cdpl_server.c:1824: in _sv_gen_task(): info: new task T208 in B1 (prio 4)
1766120784.357233: 57864-7f345d5d40c0: cdpl_server.c:2558: in cdpl_sv_label_task_va(): info: setting task T208 label to "delay__IN1__lh__OUT__lh__ACQ_1 of XOR2D8"
1766120784.357261: 57864-7f345d5d40c0: cdpl_server.c:1824: in _sv_gen_task(): info: new task T209 in B1 (prio 4)
1766120784.357263: 57864-7f345d5d40c0: cdpl_server.c:2558: in cdpl_sv_label_task_va(): info: setting task T209 label to "delay__IN1__lh__OUT__hl__ACQ_1 of XOR2D8"
1766120784.357290: 57864-7f345d5d40c0: cdpl_server.c:1824: in _sv_gen_task(): info: new task T210 in B1 (prio 4)
1766120784.357293: 57864-7f345d5d40c0: cdpl_server.c:2558: in cdpl_sv_label_task_va(): info: setting task T210 label to "delay__IN1__hl__OUT__lh__ACQ_1 of XOR2D8"
1766120784.357318: 57864-7f345d5d40c0: cdpl_server.c:1824: in _sv_gen_task(): info: new task T211 in B1 (prio 4)
1766120784.357320: 57864-7f345d5d40c0: cdpl_server.c:2558: in cdpl_sv_label_task_va(): info: setting task T211 label to "delay__IN1__hl__OUT__hl__ACQ_1 of XOR2D8"
1766120784.357345: 57864-7f345d5d40c0: cdpl_server.c:1824: in _sv_gen_task(): info: new task T212 in B1 (prio 4)
1766120784.357348: 57864-7f345d5d40c0: cdpl_server.c:2558: in cdpl_sv_label_task_va(): info: setting task T212 label to "delay__IN2__lh__OUT__lh__ACQ_1 of XOR2D8"
1766120784.357370: 57864-7f345d5d40c0: cdpl_server.c:1824: in _sv_gen_task(): info: new task T213 in B1 (prio 4)
1766120784.357373: 57864-7f345d5d40c0: cdpl_server.c:2558: in cdpl_sv_label_task_va(): info: setting task T213 label to "delay__IN2__lh__OUT__hl__ACQ_1 of XOR2D8"
1766120784.357394: 57864-7f345d5d40c0: cdpl_server.c:1824: in _sv_gen_task(): info: new task T214 in B1 (prio 4)
1766120784.357397: 57864-7f345d5d40c0: cdpl_server.c:2558: in cdpl_sv_label_task_va(): info: setting task T214 label to "delay__IN2__hl__OUT__lh__ACQ_1 of XOR2D8"
1766120784.357418: 57864-7f345d5d40c0: cdpl_server.c:1824: in _sv_gen_task(): info: new task T215 in B1 (prio 4)
1766120784.357421: 57864-7f345d5d40c0: cdpl_server.c:2558: in cdpl_sv_label_task_va(): info: setting task T215 label to "delay__IN2__hl__OUT__hl__ACQ_1 of XOR2D8"
1766120784.360101: 57864-7f345d5d40c0: cdpl_server.c:1824: in _sv_gen_task(): info: new task T216 in B1 (prio 5)
1766120784.360109: 57864-7f345d5d40c0: cdpl_server.c:2558: in cdpl_sv_label_task_va(): info: setting task T216 label to "leakage_power__ACQ_1 of BUFD16"
1766120784.360143: 57864-7f345d5d40c0: cdpl_server.c:1824: in _sv_gen_task(): info: new task T217 in B1 (prio 4)
1766120784.360145: 57864-7f345d5d40c0: cdpl_server.c:2558: in cdpl_sv_label_task_va(): info: setting task T217 label to "delay__IN__lh__OUT__lh__ACQ_1 of BUFD16"
1766120784.360171: 57864-7f345d5d40c0: cdpl_server.c:1824: in _sv_gen_task(): info: new task T218 in B1 (prio 4)
1766120784.360174: 57864-7f345d5d40c0: cdpl_server.c:2558: in cdpl_sv_label_task_va(): info: setting task T218 label to "delay__IN__hl__OUT__hl__ACQ_1 of BUFD16"
1766120784.362802: 57864-7f345d5d40c0: cdpl_server.c:1824: in _sv_gen_task(): info: new task T219 in B1 (prio 5)
1766120784.362810: 57864-7f345d5d40c0: cdpl_server.c:2558: in cdpl_sv_label_task_va(): info: setting task T219 label to "leakage_power__ACQ_1 of BUFD2"
1766120784.362845: 57864-7f345d5d40c0: cdpl_server.c:1824: in _sv_gen_task(): info: new task T220 in B1 (prio 4)
1766120784.362847: 57864-7f345d5d40c0: cdpl_server.c:2558: in cdpl_sv_label_task_va(): info: setting task T220 label to "delay__IN__lh__OUT__lh__ACQ_1 of BUFD2"
1766120784.362874: 57864-7f345d5d40c0: cdpl_server.c:1824: in _sv_gen_task(): info: new task T221 in B1 (prio 4)
1766120784.362877: 57864-7f345d5d40c0: cdpl_server.c:2558: in cdpl_sv_label_task_va(): info: setting task T221 label to "delay__IN__hl__OUT__hl__ACQ_1 of BUFD2"
1766120784.365479: 57864-7f345d5d40c0: cdpl_server.c:1824: in _sv_gen_task(): info: new task T222 in B1 (prio 5)
1766120784.365486: 57864-7f345d5d40c0: cdpl_server.c:2558: in cdpl_sv_label_task_va(): info: setting task T222 label to "leakage_power__ACQ_1 of BUFD4"
1766120784.365521: 57864-7f345d5d40c0: cdpl_server.c:1824: in _sv_gen_task(): info: new task T223 in B1 (prio 4)
1766120784.365524: 57864-7f345d5d40c0: cdpl_server.c:2558: in cdpl_sv_label_task_va(): info: setting task T223 label to "delay__IN__lh__OUT__lh__ACQ_1 of BUFD4"
1766120784.365550: 57864-7f345d5d40c0: cdpl_server.c:1824: in _sv_gen_task(): info: new task T224 in B1 (prio 4)
1766120784.365552: 57864-7f345d5d40c0: cdpl_server.c:2558: in cdpl_sv_label_task_va(): info: setting task T224 label to "delay__IN__hl__OUT__hl__ACQ_1 of BUFD4"
1766120784.368177: 57864-7f345d5d40c0: cdpl_server.c:1824: in _sv_gen_task(): info: new task T225 in B1 (prio 5)
1766120784.368185: 57864-7f345d5d40c0: cdpl_server.c:2558: in cdpl_sv_label_task_va(): info: setting task T225 label to "leakage_power__ACQ_1 of BUFD8"
1766120784.368219: 57864-7f345d5d40c0: cdpl_server.c:1824: in _sv_gen_task(): info: new task T226 in B1 (prio 4)
1766120784.368222: 57864-7f345d5d40c0: cdpl_server.c:2558: in cdpl_sv_label_task_va(): info: setting task T226 label to "delay__IN__lh__OUT__lh__ACQ_1 of BUFD8"
1766120784.368251: 57864-7f345d5d40c0: cdpl_server.c:1824: in _sv_gen_task(): info: new task T227 in B1 (prio 4)
1766120784.368254: 57864-7f345d5d40c0: cdpl_server.c:2558: in cdpl_sv_label_task_va(): info: setting task T227 label to "delay__IN__hl__OUT__hl__ACQ_1 of BUFD8"
1766120784.370883: 57864-7f345d5d40c0: cdpl_server.c:1824: in _sv_gen_task(): info: new task T228 in B1 (prio 5)
1766120784.370891: 57864-7f345d5d40c0: cdpl_server.c:2558: in cdpl_sv_label_task_va(): info: setting task T228 label to "leakage_power__ACQ_1 of INVD1"
1766120784.370925: 57864-7f345d5d40c0: cdpl_server.c:1824: in _sv_gen_task(): info: new task T229 in B1 (prio 4)
1766120784.370927: 57864-7f345d5d40c0: cdpl_server.c:2558: in cdpl_sv_label_task_va(): info: setting task T229 label to "delay__IN__lh__OUT__hl__ACQ_1 of INVD1"
1766120784.370954: 57864-7f345d5d40c0: cdpl_server.c:1824: in _sv_gen_task(): info: new task T230 in B1 (prio 4)
1766120784.370956: 57864-7f345d5d40c0: cdpl_server.c:2558: in cdpl_sv_label_task_va(): info: setting task T230 label to "delay__IN__hl__OUT__lh__ACQ_1 of INVD1"
1766120784.373577: 57864-7f345d5d40c0: cdpl_server.c:1824: in _sv_gen_task(): info: new task T231 in B1 (prio 5)
1766120784.373584: 57864-7f345d5d40c0: cdpl_server.c:2558: in cdpl_sv_label_task_va(): info: setting task T231 label to "leakage_power__ACQ_1 of INVD16"
1766120784.373630: 57864-7f345d5d40c0: cdpl_server.c:1824: in _sv_gen_task(): info: new task T232 in B1 (prio 4)
1766120784.373633: 57864-7f345d5d40c0: cdpl_server.c:2558: in cdpl_sv_label_task_va(): info: setting task T232 label to "delay__IN__lh__OUT__hl__ACQ_1 of INVD16"
1766120784.373660: 57864-7f345d5d40c0: cdpl_server.c:1824: in _sv_gen_task(): info: new task T233 in B1 (prio 4)
1766120784.373662: 57864-7f345d5d40c0: cdpl_server.c:2558: in cdpl_sv_label_task_va(): info: setting task T233 label to "delay__IN__hl__OUT__lh__ACQ_1 of INVD16"
1766120784.376270: 57864-7f345d5d40c0: cdpl_server.c:1824: in _sv_gen_task(): info: new task T234 in B1 (prio 5)
1766120784.376277: 57864-7f345d5d40c0: cdpl_server.c:2558: in cdpl_sv_label_task_va(): info: setting task T234 label to "leakage_power__ACQ_1 of INVD2"
1766120784.376314: 57864-7f345d5d40c0: cdpl_server.c:1824: in _sv_gen_task(): info: new task T235 in B1 (prio 4)
1766120784.376317: 57864-7f345d5d40c0: cdpl_server.c:2558: in cdpl_sv_label_task_va(): info: setting task T235 label to "delay__IN__lh__OUT__hl__ACQ_1 of INVD2"
1766120784.376343: 57864-7f345d5d40c0: cdpl_server.c:1824: in _sv_gen_task(): info: new task T236 in B1 (prio 4)
1766120784.376346: 57864-7f345d5d40c0: cdpl_server.c:2558: in cdpl_sv_label_task_va(): info: setting task T236 label to "delay__IN__hl__OUT__lh__ACQ_1 of INVD2"
1766120784.378991: 57864-7f345d5d40c0: cdpl_server.c:1824: in _sv_gen_task(): info: new task T237 in B1 (prio 5)
1766120784.378998: 57864-7f345d5d40c0: cdpl_server.c:2558: in cdpl_sv_label_task_va(): info: setting task T237 label to "leakage_power__ACQ_1 of INVD4"
1766120784.379032: 57864-7f345d5d40c0: cdpl_server.c:1824: in _sv_gen_task(): info: new task T238 in B1 (prio 4)
1766120784.379035: 57864-7f345d5d40c0: cdpl_server.c:2558: in cdpl_sv_label_task_va(): info: setting task T238 label to "delay__IN__lh__OUT__hl__ACQ_1 of INVD4"
1766120784.379061: 57864-7f345d5d40c0: cdpl_server.c:1824: in _sv_gen_task(): info: new task T239 in B1 (prio 4)
1766120784.379063: 57864-7f345d5d40c0: cdpl_server.c:2558: in cdpl_sv_label_task_va(): info: setting task T239 label to "delay__IN__hl__OUT__lh__ACQ_1 of INVD4"
1766120784.381684: 57864-7f345d5d40c0: cdpl_server.c:1824: in _sv_gen_task(): info: new task T240 in B1 (prio 5)
1766120784.381692: 57864-7f345d5d40c0: cdpl_server.c:2558: in cdpl_sv_label_task_va(): info: setting task T240 label to "leakage_power__ACQ_1 of INVD8"
1766120784.381727: 57864-7f345d5d40c0: cdpl_server.c:1824: in _sv_gen_task(): info: new task T241 in B1 (prio 4)
1766120784.381729: 57864-7f345d5d40c0: cdpl_server.c:2558: in cdpl_sv_label_task_va(): info: setting task T241 label to "delay__IN__lh__OUT__hl__ACQ_1 of INVD8"
1766120784.381756: 57864-7f345d5d40c0: cdpl_server.c:1824: in _sv_gen_task(): info: new task T242 in B1 (prio 4)
1766120784.381759: 57864-7f345d5d40c0: cdpl_server.c:2558: in cdpl_sv_label_task_va(): info: setting task T242 label to "delay__IN__hl__OUT__lh__ACQ_1 of INVD8"
1766120805.446147: 57864-7f344611c700: cdpl_server_ipc.c:452: in _sv_on_hello(): info: W1 is `101.6.68.226:43244'
1766120805.446272: 57864-7f344611c700: cdpl_server_ipc.c:454: in _sv_on_hello(): info: W1 log file is /dev/null
1766120805.446280: 57864-7f344611c700: cdpl_server_ipc.c:481: in _sv_on_hello(): info: up to 1 alive workers in B1
1766120805.446301: 57864-7f344591b700: cdpl_server_sched.c:955: in _assign(): info: assigning task T5 to worker W1
1766120858.987171: 57864-7f344611c700: cdpl_server_ipc.c:857: in _sv_on_finish(): info: worker W1 completed task T5
1766120858.987274: 57864-7f344591b700: cdpl_server_sched.c:955: in _assign(): info: assigning task T6 to worker W1
1766120864.411970: 57864-7f345d5d40c0: cdpl_server.c:1824: in _sv_gen_task(): info: new task T243 in B1 (prio 2)
1766120864.411982: 57864-7f345d5d40c0: cdpl_server.c:2558: in cdpl_sv_label_task_va(): info: setting task T243 label to "delay__IN1__lh__OUT__lh__ACQ_1 of AND2D1"
1766120912.247803: 57864-7f344611c700: cdpl_server_ipc.c:857: in _sv_on_finish(): info: worker W1 completed task T6
1766120912.247894: 57864-7f344591b700: cdpl_server_sched.c:955: in _assign(): info: assigning task T7 to worker W1
1766120914.423802: 57864-7f345d5d40c0: cdpl_server.c:1824: in _sv_gen_task(): info: new task T244 in B1 (prio 2)
1766120914.423815: 57864-7f345d5d40c0: cdpl_server.c:2558: in cdpl_sv_label_task_va(): info: setting task T244 label to "delay__IN1__hl__OUT__hl__ACQ_1 of AND2D1"
1766120965.505857: 57864-7f344611c700: cdpl_server_ipc.c:857: in _sv_on_finish(): info: worker W1 completed task T7
1766120965.505949: 57864-7f344591b700: cdpl_server_sched.c:955: in _assign(): info: assigning task T8 to worker W1
1766120974.436080: 57864-7f345d5d40c0: cdpl_server.c:1824: in _sv_gen_task(): info: new task T245 in B1 (prio 2)
1766120974.436093: 57864-7f345d5d40c0: cdpl_server.c:2558: in cdpl_sv_label_task_va(): info: setting task T245 label to "delay__IN2__lh__OUT__lh__ACQ_1 of AND2D1"
1766120977.012989: 57864-7f345d5d40c0: cdpl_compat_master.c:5181: in cdplMasterLogInfo(): info: [non-CDPL log entry] Ending current CDPL job
1766120977.012997: 57864-7f345d5d40c0: cdpl_server.c:2890: in cdpl_sv_halt_job_errno(): info: stopping job J1
1766120977.013051: 57864-7f344591b700: cdpl_server_sched.c:2711: in _sv_drop_worker(): info: down to 0 alive workers in B1
1766120977.013091: 57864-7f345d5d40c0: cdpl_server.c:2875: in cdpl_sv_halt_job_errno(): info: killing job J1
1766120977.013097: 57864-7f345d5d40c0: cdpl_server.c:288: in _sv_free_job(): info: freeing job J1
1766120977.013375: 57864-7f345d5d40c0: cdpl_farm.c:2478: in cdpl_farm_free(): info: freeing farm
1766120977.013411: 57864-7f345d5d40c0: cdpl_server.c:3011: in cdpl_sv_free(): info: freeing server S1037521950
1766120977.013413: 57864-7f345d5d40c0: cdpl_server.c:2976: in cdpl_sv_kill_errno(): info: killing server
1766120977.013429: 57864-7f345d5d40c0: cdpl_server.c:328: in _sv_free_master(): info: freeing master M1
1766120977.013470: 57864-7f345d5d40c0: cdpl_log.c:374: in cdpl_log_close(): info: @@end_of_log@@
