# Legend: N(newborn) R(running) F(failed) K(killed) C(complete)
N leakage_power__ACQ_1 of AND2D1
N energy__IN1__lh__ACQ_1 of AND2D1
N energy__IN1__hl__ACQ_1 of AND2D1
N energy__IN2__lh__ACQ_1 of AND2D1
N energy__IN2__hl__ACQ_1 of AND2D1
F delay__IN1__lh__OUT__lh__ACQ_1 of AND2D1 T5 W1
F delay__IN1__hl__OUT__hl__ACQ_1 of AND2D1 T6 W1
F delay__IN2__lh__OUT__lh__ACQ_1 of AND2D1 T7 W1
R delay__IN2__hl__OUT__hl__ACQ_1 of AND2D1 T8 W1
N leakage_power__ACQ_1 of AND2D2
N energy__IN1__lh__ACQ_1 of AND2D2
N energy__IN1__hl__ACQ_1 of AND2D2
N energy__IN2__lh__ACQ_1 of AND2D2
N energy__IN2__hl__ACQ_1 of AND2D2
N delay__IN1__lh__OUT__lh__ACQ_1 of AND2D2
N delay__IN1__hl__OUT__hl__ACQ_1 of AND2D2
N delay__IN2__lh__OUT__lh__ACQ_1 of AND2D2
N delay__IN2__hl__OUT__hl__ACQ_1 of AND2D2
N leakage_power__ACQ_1 of AND2D4
N energy__IN1__lh__ACQ_1 of AND2D4
N energy__IN1__hl__ACQ_1 of AND2D4
N energy__IN2__lh__ACQ_1 of AND2D4
N energy__IN2__hl__ACQ_1 of AND2D4
N delay__IN1__lh__OUT__lh__ACQ_1 of AND2D4
N delay__IN1__hl__OUT__hl__ACQ_1 of AND2D4
N delay__IN2__lh__OUT__lh__ACQ_1 of AND2D4
N delay__IN2__hl__OUT__hl__ACQ_1 of AND2D4
N leakage_power__ACQ_1 of AND2D8
N energy__IN1__lh__ACQ_1 of AND2D8
N energy__IN1__hl__ACQ_1 of AND2D8
N energy__IN2__lh__ACQ_1 of AND2D8
N energy__IN2__hl__ACQ_1 of AND2D8
N delay__IN1__lh__OUT__lh__ACQ_1 of AND2D8
N delay__IN1__hl__OUT__hl__ACQ_1 of AND2D8
N delay__IN2__lh__OUT__lh__ACQ_1 of AND2D8
N delay__IN2__hl__OUT__hl__ACQ_1 of AND2D8
N leakage_power__ACQ_1 of NAND2D1
N energy__IN1__lh__ACQ_1 of NAND2D1
N energy__IN1__hl__ACQ_1 of NAND2D1
N energy__IN2__lh__ACQ_1 of NAND2D1
N energy__IN2__hl__ACQ_1 of NAND2D1
N delay__IN1__lh__OUT__hl__ACQ_1 of NAND2D1
N delay__IN1__hl__OUT__lh__ACQ_1 of NAND2D1
N delay__IN2__lh__OUT__hl__ACQ_1 of NAND2D1
N delay__IN2__hl__OUT__lh__ACQ_1 of NAND2D1
N leakage_power__ACQ_1 of NAND2D2
N energy__IN1__lh__ACQ_1 of NAND2D2
N energy__IN1__hl__ACQ_1 of NAND2D2
N energy__IN2__lh__ACQ_1 of NAND2D2
N energy__IN2__hl__ACQ_1 of NAND2D2
N delay__IN1__lh__OUT__hl__ACQ_1 of NAND2D2
N delay__IN1__hl__OUT__lh__ACQ_1 of NAND2D2
N delay__IN2__lh__OUT__hl__ACQ_1 of NAND2D2
N delay__IN2__hl__OUT__lh__ACQ_1 of NAND2D2
N leakage_power__ACQ_1 of NAND2D4
N energy__IN1__lh__ACQ_1 of NAND2D4
N energy__IN1__hl__ACQ_1 of NAND2D4
N energy__IN2__lh__ACQ_1 of NAND2D4
N energy__IN2__hl__ACQ_1 of NAND2D4
N delay__IN1__lh__OUT__hl__ACQ_1 of NAND2D4
N delay__IN1__hl__OUT__lh__ACQ_1 of NAND2D4
N delay__IN2__lh__OUT__hl__ACQ_1 of NAND2D4
N delay__IN2__hl__OUT__lh__ACQ_1 of NAND2D4
N leakage_power__ACQ_1 of NAND2D8
N energy__IN1__lh__ACQ_1 of NAND2D8
N energy__IN1__hl__ACQ_1 of NAND2D8
N energy__IN2__lh__ACQ_1 of NAND2D8
N energy__IN2__hl__ACQ_1 of NAND2D8
N delay__IN1__lh__OUT__hl__ACQ_1 of NAND2D8
N delay__IN1__hl__OUT__lh__ACQ_1 of NAND2D8
N delay__IN2__lh__OUT__hl__ACQ_1 of NAND2D8
N delay__IN2__hl__OUT__lh__ACQ_1 of NAND2D8
N leakage_power__ACQ_1 of NOR2D1
N energy__IN1__lh__ACQ_1 of NOR2D1
N energy__IN1__hl__ACQ_1 of NOR2D1
N energy__IN2__lh__ACQ_1 of NOR2D1
N energy__IN2__hl__ACQ_1 of NOR2D1
N delay__IN1__lh__OUT__hl__ACQ_1 of NOR2D1
N delay__IN1__hl__OUT__lh__ACQ_1 of NOR2D1
N delay__IN2__lh__OUT__hl__ACQ_1 of NOR2D1
N delay__IN2__hl__OUT__lh__ACQ_1 of NOR2D1
N leakage_power__ACQ_1 of NOR2D2
N energy__IN1__lh__ACQ_1 of NOR2D2
N energy__IN1__hl__ACQ_1 of NOR2D2
N energy__IN2__lh__ACQ_1 of NOR2D2
N energy__IN2__hl__ACQ_1 of NOR2D2
N delay__IN1__lh__OUT__hl__ACQ_1 of NOR2D2
N delay__IN1__hl__OUT__lh__ACQ_1 of NOR2D2
N delay__IN2__lh__OUT__hl__ACQ_1 of NOR2D2
N delay__IN2__hl__OUT__lh__ACQ_1 of NOR2D2
N leakage_power__ACQ_1 of NOR2D4
N energy__IN1__lh__ACQ_1 of NOR2D4
N energy__IN1__hl__ACQ_1 of NOR2D4
N energy__IN2__lh__ACQ_1 of NOR2D4
N energy__IN2__hl__ACQ_1 of NOR2D4
N delay__IN1__lh__OUT__hl__ACQ_1 of NOR2D4
N delay__IN1__hl__OUT__lh__ACQ_1 of NOR2D4
N delay__IN2__lh__OUT__hl__ACQ_1 of NOR2D4
N delay__IN2__hl__OUT__lh__ACQ_1 of NOR2D4
N leakage_power__ACQ_1 of NOR2D8
N energy__IN1__lh__ACQ_1 of NOR2D8
N energy__IN1__hl__ACQ_1 of NOR2D8
N energy__IN2__lh__ACQ_1 of NOR2D8
N energy__IN2__hl__ACQ_1 of NOR2D8
N delay__IN1__lh__OUT__hl__ACQ_1 of NOR2D8
N delay__IN1__hl__OUT__lh__ACQ_1 of NOR2D8
N delay__IN2__lh__OUT__hl__ACQ_1 of NOR2D8
N delay__IN2__hl__OUT__lh__ACQ_1 of NOR2D8
N leakage_power__ACQ_1 of OR2D1
N energy__IN1__lh__ACQ_1 of OR2D1
N energy__IN1__hl__ACQ_1 of OR2D1
N energy__IN2__lh__ACQ_1 of OR2D1
N energy__IN2__hl__ACQ_1 of OR2D1
N delay__IN1__lh__OUT__lh__ACQ_1 of OR2D1
N delay__IN1__hl__OUT__hl__ACQ_1 of OR2D1
N delay__IN2__lh__OUT__lh__ACQ_1 of OR2D1
N delay__IN2__hl__OUT__hl__ACQ_1 of OR2D1
N leakage_power__ACQ_1 of OR2D2
N energy__IN1__lh__ACQ_1 of OR2D2
N energy__IN1__hl__ACQ_1 of OR2D2
N energy__IN2__lh__ACQ_1 of OR2D2
N energy__IN2__hl__ACQ_1 of OR2D2
N delay__IN1__lh__OUT__lh__ACQ_1 of OR2D2
N delay__IN1__hl__OUT__hl__ACQ_1 of OR2D2
N delay__IN2__lh__OUT__lh__ACQ_1 of OR2D2
N delay__IN2__hl__OUT__hl__ACQ_1 of OR2D2
N leakage_power__ACQ_1 of OR2D4
N energy__IN1__lh__ACQ_1 of OR2D4
N energy__IN1__hl__ACQ_1 of OR2D4
N energy__IN2__lh__ACQ_1 of OR2D4
N energy__IN2__hl__ACQ_1 of OR2D4
N delay__IN1__lh__OUT__lh__ACQ_1 of OR2D4
N delay__IN1__hl__OUT__hl__ACQ_1 of OR2D4
N delay__IN2__lh__OUT__lh__ACQ_1 of OR2D4
N delay__IN2__hl__OUT__hl__ACQ_1 of OR2D4
N leakage_power__ACQ_1 of OR2D8
N energy__IN1__lh__ACQ_1 of OR2D8
N energy__IN1__hl__ACQ_1 of OR2D8
N energy__IN2__lh__ACQ_1 of OR2D8
N energy__IN2__hl__ACQ_1 of OR2D8
N delay__IN1__lh__OUT__lh__ACQ_1 of OR2D8
N delay__IN1__hl__OUT__hl__ACQ_1 of OR2D8
N delay__IN2__lh__OUT__lh__ACQ_1 of OR2D8
N delay__IN2__hl__OUT__hl__ACQ_1 of OR2D8
N leakage_power__ACQ_1 of XNOR2D1
N delay__IN1__lh__OUT__lh__ACQ_1 of XNOR2D1
N delay__IN1__lh__OUT__hl__ACQ_1 of XNOR2D1
N delay__IN1__hl__OUT__lh__ACQ_1 of XNOR2D1
N delay__IN1__hl__OUT__hl__ACQ_1 of XNOR2D1
N delay__IN2__lh__OUT__lh__ACQ_1 of XNOR2D1
N delay__IN2__lh__OUT__hl__ACQ_1 of XNOR2D1
N delay__IN2__hl__OUT__lh__ACQ_1 of XNOR2D1
N delay__IN2__hl__OUT__hl__ACQ_1 of XNOR2D1
N leakage_power__ACQ_1 of XNOR2D2
N delay__IN1__lh__OUT__lh__ACQ_1 of XNOR2D2
N delay__IN1__lh__OUT__hl__ACQ_1 of XNOR2D2
N delay__IN1__hl__OUT__lh__ACQ_1 of XNOR2D2
N delay__IN1__hl__OUT__hl__ACQ_1 of XNOR2D2
N delay__IN2__lh__OUT__lh__ACQ_1 of XNOR2D2
N delay__IN2__lh__OUT__hl__ACQ_1 of XNOR2D2
N delay__IN2__hl__OUT__lh__ACQ_1 of XNOR2D2
N delay__IN2__hl__OUT__hl__ACQ_1 of XNOR2D2
N leakage_power__ACQ_1 of XNOR2D4
N delay__IN1__lh__OUT__lh__ACQ_1 of XNOR2D4
N delay__IN1__lh__OUT__hl__ACQ_1 of XNOR2D4
N delay__IN1__hl__OUT__lh__ACQ_1 of XNOR2D4
N delay__IN1__hl__OUT__hl__ACQ_1 of XNOR2D4
N delay__IN2__lh__OUT__lh__ACQ_1 of XNOR2D4
N delay__IN2__lh__OUT__hl__ACQ_1 of XNOR2D4
N delay__IN2__hl__OUT__lh__ACQ_1 of XNOR2D4
N delay__IN2__hl__OUT__hl__ACQ_1 of XNOR2D4
N leakage_power__ACQ_1 of XNOR2D8
N delay__IN1__lh__OUT__lh__ACQ_1 of XNOR2D8
N delay__IN1__lh__OUT__hl__ACQ_1 of XNOR2D8
N delay__IN1__hl__OUT__lh__ACQ_1 of XNOR2D8
N delay__IN1__hl__OUT__hl__ACQ_1 of XNOR2D8
N delay__IN2__lh__OUT__lh__ACQ_1 of XNOR2D8
N delay__IN2__lh__OUT__hl__ACQ_1 of XNOR2D8
N delay__IN2__hl__OUT__lh__ACQ_1 of XNOR2D8
N delay__IN2__hl__OUT__hl__ACQ_1 of XNOR2D8
N leakage_power__ACQ_1 of XOR2D1
N delay__IN1__lh__OUT__lh__ACQ_1 of XOR2D1
N delay__IN1__lh__OUT__hl__ACQ_1 of XOR2D1
N delay__IN1__hl__OUT__lh__ACQ_1 of XOR2D1
N delay__IN1__hl__OUT__hl__ACQ_1 of XOR2D1
N delay__IN2__lh__OUT__lh__ACQ_1 of XOR2D1
N delay__IN2__lh__OUT__hl__ACQ_1 of XOR2D1
N delay__IN2__hl__OUT__lh__ACQ_1 of XOR2D1
N delay__IN2__hl__OUT__hl__ACQ_1 of XOR2D1
N leakage_power__ACQ_1 of XOR2D2
N delay__IN1__lh__OUT__lh__ACQ_1 of XOR2D2
N delay__IN1__lh__OUT__hl__ACQ_1 of XOR2D2
N delay__IN1__hl__OUT__lh__ACQ_1 of XOR2D2
N delay__IN1__hl__OUT__hl__ACQ_1 of XOR2D2
N delay__IN2__lh__OUT__lh__ACQ_1 of XOR2D2
N delay__IN2__lh__OUT__hl__ACQ_1 of XOR2D2
N delay__IN2__hl__OUT__lh__ACQ_1 of XOR2D2
N delay__IN2__hl__OUT__hl__ACQ_1 of XOR2D2
N leakage_power__ACQ_1 of XOR2D4
N delay__IN1__lh__OUT__lh__ACQ_1 of XOR2D4
N delay__IN1__lh__OUT__hl__ACQ_1 of XOR2D4
N delay__IN1__hl__OUT__lh__ACQ_1 of XOR2D4
N delay__IN1__hl__OUT__hl__ACQ_1 of XOR2D4
N delay__IN2__lh__OUT__lh__ACQ_1 of XOR2D4
N delay__IN2__lh__OUT__hl__ACQ_1 of XOR2D4
N delay__IN2__hl__OUT__lh__ACQ_1 of XOR2D4
N delay__IN2__hl__OUT__hl__ACQ_1 of XOR2D4
N leakage_power__ACQ_1 of XOR2D8
N delay__IN1__lh__OUT__lh__ACQ_1 of XOR2D8
N delay__IN1__lh__OUT__hl__ACQ_1 of XOR2D8
N delay__IN1__hl__OUT__lh__ACQ_1 of XOR2D8
N delay__IN1__hl__OUT__hl__ACQ_1 of XOR2D8
N delay__IN2__lh__OUT__lh__ACQ_1 of XOR2D8
N delay__IN2__lh__OUT__hl__ACQ_1 of XOR2D8
N delay__IN2__hl__OUT__lh__ACQ_1 of XOR2D8
N delay__IN2__hl__OUT__hl__ACQ_1 of XOR2D8
N leakage_power__ACQ_1 of BUFD16
N delay__IN__lh__OUT__lh__ACQ_1 of BUFD16
N delay__IN__hl__OUT__hl__ACQ_1 of BUFD16
N leakage_power__ACQ_1 of BUFD2
N delay__IN__lh__OUT__lh__ACQ_1 of BUFD2
N delay__IN__hl__OUT__hl__ACQ_1 of BUFD2
N leakage_power__ACQ_1 of BUFD4
N delay__IN__lh__OUT__lh__ACQ_1 of BUFD4
N delay__IN__hl__OUT__hl__ACQ_1 of BUFD4
N leakage_power__ACQ_1 of BUFD8
N delay__IN__lh__OUT__lh__ACQ_1 of BUFD8
N delay__IN__hl__OUT__hl__ACQ_1 of BUFD8
N leakage_power__ACQ_1 of INVD1
N delay__IN__lh__OUT__hl__ACQ_1 of INVD1
N delay__IN__hl__OUT__lh__ACQ_1 of INVD1
N leakage_power__ACQ_1 of INVD16
N delay__IN__lh__OUT__hl__ACQ_1 of INVD16
N delay__IN__hl__OUT__lh__ACQ_1 of INVD16
N leakage_power__ACQ_1 of INVD2
N delay__IN__lh__OUT__hl__ACQ_1 of INVD2
N delay__IN__hl__OUT__lh__ACQ_1 of INVD2
N leakage_power__ACQ_1 of INVD4
N delay__IN__lh__OUT__hl__ACQ_1 of INVD4
N delay__IN__hl__OUT__lh__ACQ_1 of INVD4
N leakage_power__ACQ_1 of INVD8
N delay__IN__lh__OUT__hl__ACQ_1 of INVD8
N delay__IN__hl__OUT__lh__ACQ_1 of INVD8
N delay__IN1__lh__OUT__lh__ACQ_1 of AND2D1
N delay__IN1__hl__OUT__hl__ACQ_1 of AND2D1
N delay__IN2__lh__OUT__lh__ACQ_1 of AND2D1
