1766639331.906912: 122380-7f7fffeb60c0: cdpl_log.c:231: in cdpl_log_open(): info: @@start_of_log@@
1766639331.906957: 122380-7f7fffeb60c0: cdpl_log.c:869: in cdpl_log_dump_sysinfo(): info: time: 2025/12/25 13:08:51 CST +0800
1766639331.906963: 122380-7f7fffeb60c0: cdpl_log.c:871: in cdpl_log_dump_sysinfo(): info: version: T-2022.03-SP1-1 
1766639331.906966: 122380-7f7fffeb60c0: cdpl_log.c:873: in cdpl_log_dump_sysinfo(): info: system: Linux 3.10.0-1160.el7.x86_64 #1 SMP Mon Oct 19 16:18:59 UTC 2020
1766639331.906968: 122380-7f7fffeb60c0: cdpl_log.c:878: in cdpl_log_dump_sysinfo(): info: processor: x86_64 64-bits
1766639331.906971: 122380-7f7fffeb60c0: cdpl_log.c:882: in cdpl_log_dump_sysinfo(): info: hostname: cad52
1766639331.906974: 122380-7f7fffeb60c0: cdpl_log.c:233: in cdpl_log_open(): debug: path: /data/zhengyj/OTFT_stdlib/my_library/runtime/cdpl/pid122380/master.cad52.122380.log
1766639331.906977: 122380-7f7fffeb60c0: cdpl_log.c:234: in cdpl_log_open(): debug: dir: /data/zhengyj/OTFT_stdlib/my_library/runtime/cdpl/pid122380
1766639331.906986: 122380-7f7fffeb60c0: cdpl_log.c:761: in cdpl_log_set_filter(): info: filter level 1
1766639331.907010: 122380-7f7fffeb60c0: cdpl_server.c:543: in cdpl_sv_init(): info: new server S1129442582
1766639331.907021: 122380-7f7fffeb60c0: cdpl_ipc.c:3090: in cdpl_ipc_init(): info: requesting IPv4 protocol
1766639331.907370: 122380-7f7fffeb60c0: cdpl_ipc.c:807: in _selectaddrfamily(): info: selected IPv4 protocol
1766639331.908623: 122380-7f7fffeb60c0: cdpl_server.c:657: in cdpl_sv_new_master(): info: new master M1
1766639331.908649: 122380-7f7fffeb60c0: cdpl_server.c:5494: in cdpl_sv_ctl_master(): info: Setting worker heartbeat to 60 seconds
1766639331.908651: 122380-7f7fffeb60c0: cdpl_server.c:5503: in cdpl_sv_ctl_master(): info: Setting worker heartbeat timeout to 3 heartbeats
1766639331.908656: 122380-7f7fffeb60c0: cdpl_compat_master.c:2436: in cdplInitMaster(): info: bcast dir is `/dev/null'
1766639331.908727: 122380-7f7fffeb60c0: cdpl_server.c:5394: in cdpl_sv_ctl_master(): info: farm worker timeout set to 36000
1766639331.908729: 122380-7f7fffeb60c0: cdpl_server.c:5410: in cdpl_sv_ctl_master(): info: grid worker timeout set to 36000
1766639331.908731: 122380-7f7fffeb60c0: cdpl_server.c:5438: in cdpl_sv_ctl_master(): info: farm submit command failure threshold set to 100
1766639331.908769: 122380-7f7fffeb60c0: cdpl_farm.c:2334: in cdpl_farm_new_sh(): info: creating SH farm on localhost
1766639331.908784: 122380-7f7fffeb60c0: cdpl_compat_master.c:207: in _set_farm_env(): info: exporting CDPL_LOGDIR as `/data/zhengyj/OTFT_stdlib/my_library/runtime/cdpl/pid122380'
1766639331.908787: 122380-7f7fffeb60c0: cdpl_compat_master.c:213: in _set_farm_env(): info: exporting CDPL_TMPDIR as `/var/tmp'
1766639331.908790: 122380-7f7fffeb60c0: cdpl_compat_master.c:220: in _set_farm_env(): info: exporting CDPL_HOME as `/tools/Synopsys/siliconsmart/T-2022.03-SP2-1/cdpl_runtime_linux64'
1766639331.908792: 122380-7f7fffeb60c0: cdpl_compat_master.c:231: in _set_farm_env(): info: SNPSLMD_LICENSE_FILE is not set
1766639331.908794: 122380-7f7fffeb60c0: cdpl_compat_master.c:247: in _set_farm_env(): info: exporting CDPL_OPTIONS as `[filter][nowlogs]'
1766639331.908796: 122380-7f7fffeb60c0: cdpl_compat_master.c:254: in _set_farm_env(): info: exporting DISPLAY as `localhost:34.0'
1766639331.908799: 122380-7f7fffeb60c0: cdpl_compat_master.c:262: in _set_farm_env(): info: exporting CDPL_HEARTBEAT as `60'
1766639331.908804: 122380-7f7fffeb60c0: cdpl_compat_master.c:348: in _set_farm_env(): info: exporting SIS_CDPL as `1'
1766639331.980548: 122380-7f7fffeb60c0: cdpl_server.c:738: in cdpl_sv_new_job(): info: new job J1 in M1
1766639331.980569: 122380-7f7fffeb60c0: cdpl_compat_master.c:1340: in _add_worker(): info: new worker type 100, min:1, max:1, cmd:`/data/zhengyj/OTFT_stdlib/my_library/runtime/cdpl/pid122380/run_122380.sh'
1766639331.980576: 122380-7f7fffeb60c0: cdpl_server.c:900: in cdpl_sv_new_bin_withfarm(): info: new bin B1 in J1
1766639331.980621: 122380-7f7fffeb60c0: cdpl_server.c:3116: in cdpl_sv_start_job(): info: starting job J1
1766639331.990174: 122380-7f7fffeb60c0: cdpl_server.c:1824: in _sv_gen_task(): info: new task T0 in B1 (prio -1)
1766639331.990198: 122380-7f7fffeb60c0: cdpl_server.c:2558: in cdpl_sv_label_task_va(): info: setting task T0 label to "initialization__ACQ_4 of DFFD1"
1766639331.990291: 122380-7f7fffeb60c0: cdpl_server.c:1824: in _sv_gen_task(): info: new task T1 in B1 (prio 3)
1766639331.990380: 122380-7f7fe81fd700: cdpl_server_sched.c:700: in _sv_launch_worker(): info: started worker W1 (as C1) in bin B1
1766639331.990398: 122380-7f7fe79fc700: cdpl_farm.c:1959: in _schedule(): info: worker submit failure threshold set to 100
1766639331.990412: 122380-7f7fffeb60c0: cdpl_server.c:2558: in cdpl_sv_label_task_va(): info: setting task T1 label to "leakage_power__ACQ_1 of DFFD1"
1766639331.990422: 122380-7f7fe79fc700: cdpl_sh.c:49: in _sh_detached_submit(): info: SH : /data/zhengyj/OTFT_stdlib/my_library/runtime/cdpl/pid122380/run_122380.sh
1766639331.993395: 122380-7f7fffeb60c0: cdpl_server.c:1824: in _sv_gen_task(): info: new task T2 in B1 (prio -1)
1766639331.993430: 122380-7f7fffeb60c0: cdpl_server.c:2558: in cdpl_sv_label_task_va(): info: setting task T2 label to "initialization__ACQ_5 of DFFD1"
1766639331.993675: 122380-7f7fffeb60c0: cdpl_server.c:1824: in _sv_gen_task(): info: new task T3 in B1 (prio 5)
1766639331.993679: 122380-7f7fffeb60c0: cdpl_server.c:2558: in cdpl_sv_label_task_va(): info: setting task T3 label to "energy__D__hl__ACQ_1 of DFFD1"
1766639331.993844: 122380-7f7fffeb60c0: cdpl_server.c:1824: in _sv_gen_task(): info: new task T4 in B1 (prio 5)
1766639331.993848: 122380-7f7fffeb60c0: cdpl_server.c:2558: in cdpl_sv_label_task_va(): info: setting task T4 label to "energy__D__lh__ACQ_1 of DFFD1"
1766639331.993904: 122380-7f7fffeb60c0: cdpl_server.c:1824: in _sv_gen_task(): info: new task T5 in B1 (prio -1)
1766639331.993907: 122380-7f7fffeb60c0: cdpl_server.c:2558: in cdpl_sv_label_task_va(): info: setting task T5 label to "initialization__ACQ_3 of DFFD1"
1766639331.993980: 122380-7f7fffeb60c0: cdpl_server.c:1824: in _sv_gen_task(): info: new task T6 in B1 (prio 5)
1766639331.993983: 122380-7f7fffeb60c0: cdpl_server.c:2558: in cdpl_sv_label_task_va(): info: setting task T6 label to "energy__CK__hl__ACQ_1 of DFFD1"
1766639331.994048: 122380-7f7fffeb60c0: cdpl_server.c:1824: in _sv_gen_task(): info: new task T7 in B1 (prio 5)
1766639331.994051: 122380-7f7fffeb60c0: cdpl_server.c:2558: in cdpl_sv_label_task_va(): info: setting task T7 label to "energy__CK__lh__ACQ_1 of DFFD1"
1766639331.994085: 122380-7f7fffeb60c0: cdpl_server.c:1824: in _sv_gen_task(): info: new task T8 in B1 (prio -1)
1766639331.994087: 122380-7f7fffeb60c0: cdpl_server.c:2558: in cdpl_sv_label_task_va(): info: setting task T8 label to "initialization__ACQ_1 of DFFD1"
1766639331.994140: 122380-7f7fffeb60c0: cdpl_server.c:1824: in _sv_gen_task(): info: new task T9 in B1 (prio -1)
1766639331.994144: 122380-7f7fffeb60c0: cdpl_server.c:2558: in cdpl_sv_label_task_va(): info: setting task T9 label to "setup_hbm__D__lh__CK__lh__ACQ_1 of DFFD1"
1766639331.994227: 122380-7f7fffeb60c0: cdpl_server.c:1824: in _sv_gen_task(): info: new task T10 in B1 (prio -1)
1766639331.994230: 122380-7f7fffeb60c0: cdpl_server.c:2558: in cdpl_sv_label_task_va(): info: setting task T10 label to "setup_hbm__D__hl__CK__lh__ACQ_1 of DFFD1"
1766639331.994266: 122380-7f7fffeb60c0: cdpl_server.c:1824: in _sv_gen_task(): info: new task T11 in B1 (prio -1)
1766639331.994269: 122380-7f7fffeb60c0: cdpl_server.c:2558: in cdpl_sv_label_task_va(): info: setting task T11 label to "initialization__ACQ_2 of DFFD1"
1766639331.994329: 122380-7f7fffeb60c0: cdpl_server.c:1824: in _sv_gen_task(): info: new task T12 in B1 (prio 2)
1766639331.994333: 122380-7f7fffeb60c0: cdpl_server.c:2558: in cdpl_sv_label_task_va(): info: setting task T12 label to "delay__CK__lh__QN__hl__ACQ_1 of DFFD1"
1766639331.994402: 122380-7f7fffeb60c0: cdpl_server.c:1824: in _sv_gen_task(): info: new task T13 in B1 (prio 2)
1766639331.994405: 122380-7f7fffeb60c0: cdpl_server.c:2558: in cdpl_sv_label_task_va(): info: setting task T13 label to "delay__CK__lh__QN__lh__ACQ_1 of DFFD1"
1766639331.994451: 122380-7f7fffeb60c0: cdpl_server.c:1824: in _sv_gen_task(): info: new task T14 in B1 (prio -1)
1766639331.994729: 122380-7f7fffeb60c0: cdpl_server.c:2558: in cdpl_sv_label_task_va(): info: setting task T14 label to "initialization__ACQ_6 of DFFD1"
1766639331.994870: 122380-7f7fffeb60c0: cdpl_server.c:1824: in _sv_gen_task(): info: new task T15 in B1 (prio 2)
1766639331.994875: 122380-7f7fffeb60c0: cdpl_server.c:2558: in cdpl_sv_label_task_va(): info: setting task T15 label to "delay__CK__lh__Q__hl__ACQ_1 of DFFD1"
1766639331.994947: 122380-7f7fffeb60c0: cdpl_server.c:1824: in _sv_gen_task(): info: new task T16 in B1 (prio 2)
1766639331.994950: 122380-7f7fffeb60c0: cdpl_server.c:2558: in cdpl_sv_label_task_va(): info: setting task T16 label to "delay__CK__lh__Q__lh__ACQ_1 of DFFD1"
1766639331.995017: 122380-7f7fffeb60c0: cdpl_server.c:1824: in _sv_gen_task(): info: new task T17 in B1 (prio -1)
1766639331.995023: 122380-7f7fffeb60c0: cdpl_server.c:2558: in cdpl_sv_label_task_va(): info: setting task T17 label to "ncmpw_hbm__CK__hl__CK__lh__ACQ_1 of DFFD1"
1766639331.995082: 122380-7f7fffeb60c0: cdpl_server.c:1824: in _sv_gen_task(): info: new task T18 in B1 (prio -1)
1766639331.995085: 122380-7f7fffeb60c0: cdpl_server.c:2558: in cdpl_sv_label_task_va(): info: setting task T18 label to "hold_hbm__D__hl__CK__lh__ACQ_1 of DFFD1"
1766639331.995158: 122380-7f7fffeb60c0: cdpl_server.c:1824: in _sv_gen_task(): info: new task T19 in B1 (prio -1)
1766639331.995162: 122380-7f7fffeb60c0: cdpl_server.c:2558: in cdpl_sv_label_task_va(): info: setting task T19 label to "hold_hbm__D__lh__CK__lh__ACQ_1 of DFFD1"
1766639331.995219: 122380-7f7fffeb60c0: cdpl_server.c:1824: in _sv_gen_task(): info: new task T20 in B1 (prio -1)
1766639331.995222: 122380-7f7fffeb60c0: cdpl_server.c:2558: in cdpl_sv_label_task_va(): info: setting task T20 label to "cmpw_hbm__CK__lh__CK__hl__ACQ_1 of DFFD1"
1766639353.736889: 122380-7f7fe89fe700: cdpl_server_ipc.c:452: in _sv_on_hello(): info: W1 is `101.6.68.226:54078'
1766639353.737056: 122380-7f7fe89fe700: cdpl_server_ipc.c:454: in _sv_on_hello(): info: W1 log file is /dev/null
1766639353.737068: 122380-7f7fe89fe700: cdpl_server_ipc.c:481: in _sv_on_hello(): info: up to 1 alive workers in B1
1766639353.737095: 122380-7f7fe81fd700: cdpl_server_sched.c:955: in _assign(): info: assigning task T0 to worker W1
1766639405.004086: 122380-7f7fe89fe700: cdpl_server_ipc.c:857: in _sv_on_finish(): info: worker W1 completed task T0
1766639405.004278: 122380-7f7fe81fd700: cdpl_server_sched.c:955: in _assign(): info: assigning task T2 to worker W1
1766639455.720489: 122380-7f7fe89fe700: cdpl_server_ipc.c:857: in _sv_on_finish(): info: worker W1 completed task T2
1766639455.720660: 122380-7f7fe81fd700: cdpl_server_sched.c:955: in _assign(): info: assigning task T5 to worker W1
1766639506.390902: 122380-7f7fe89fe700: cdpl_server_ipc.c:857: in _sv_on_finish(): info: worker W1 completed task T5
1766639506.391066: 122380-7f7fe81fd700: cdpl_server_sched.c:955: in _assign(): info: assigning task T8 to worker W1
1766639557.135924: 122380-7f7fe89fe700: cdpl_server_ipc.c:857: in _sv_on_finish(): info: worker W1 completed task T8
1766639557.136078: 122380-7f7fe81fd700: cdpl_server_sched.c:955: in _assign(): info: assigning task T11 to worker W1
1766639607.923136: 122380-7f7fe89fe700: cdpl_server_ipc.c:857: in _sv_on_finish(): info: worker W1 completed task T11
1766639607.923278: 122380-7f7fe81fd700: cdpl_server_sched.c:955: in _assign(): info: assigning task T14 to worker W1
1766639658.633307: 122380-7f7fe89fe700: cdpl_server_ipc.c:857: in _sv_on_finish(): info: worker W1 completed task T14
1766639658.633495: 122380-7f7fe81fd700: cdpl_server_sched.c:955: in _assign(): info: assigning task T9 to worker W1
1766640082.828207: 122380-7f7fe89fe700: cdpl_server_ipc.c:857: in _sv_on_finish(): info: worker W1 completed task T9
1766640082.828360: 122380-7f7fe81fd700: cdpl_server_sched.c:955: in _assign(): info: assigning task T10 to worker W1
1766640323.300335: 122380-7f7fe89fe700: cdpl_server_ipc.c:857: in _sv_on_finish(): info: worker W1 completed task T10
1766640323.300515: 122380-7f7fe81fd700: cdpl_server_sched.c:955: in _assign(): info: assigning task T19 to worker W1
1766640607.636670: 122380-7f7fe89fe700: cdpl_server_ipc.c:857: in _sv_on_finish(): info: worker W1 completed task T19
1766640607.636816: 122380-7f7fe81fd700: cdpl_server_sched.c:955: in _assign(): info: assigning task T20 to worker W1
1766640716.001046: 122380-7f7fe89fe700: cdpl_server_ipc.c:857: in _sv_on_finish(): info: worker W1 completed task T20
1766640716.001221: 122380-7f7fe81fd700: cdpl_server_sched.c:955: in _assign(): info: assigning task T18 to worker W1
1766640999.119380: 122380-7f7fe89fe700: cdpl_server_ipc.c:857: in _sv_on_finish(): info: worker W1 completed task T18
1766640999.119535: 122380-7f7fe81fd700: cdpl_server_sched.c:955: in _assign(): info: assigning task T17 to worker W1
1766641130.341164: 122380-7f7fe89fe700: cdpl_server_ipc.c:857: in _sv_on_finish(): info: worker W1 completed task T17
1766641130.341328: 122380-7f7fe81fd700: cdpl_server_sched.c:955: in _assign(): info: assigning task T13 to worker W1
1766641187.194831: 122380-7f7fe89fe700: cdpl_server_ipc.c:857: in _sv_on_finish(): info: worker W1 completed task T13
1766641187.195019: 122380-7f7fe81fd700: cdpl_server_sched.c:955: in _assign(): info: assigning task T15 to worker W1
1766641243.544237: 122380-7f7fe89fe700: cdpl_server_ipc.c:857: in _sv_on_finish(): info: worker W1 completed task T15
1766641243.544414: 122380-7f7fe81fd700: cdpl_server_sched.c:955: in _assign(): info: assigning task T12 to worker W1
1766641298.909198: 122380-7f7fe89fe700: cdpl_server_ipc.c:857: in _sv_on_finish(): info: worker W1 completed task T12
1766641298.909384: 122380-7f7fe81fd700: cdpl_server_sched.c:955: in _assign(): info: assigning task T16 to worker W1
1766641354.788094: 122380-7f7fe89fe700: cdpl_server_ipc.c:857: in _sv_on_finish(): info: worker W1 completed task T16
1766641354.788292: 122380-7f7fe81fd700: cdpl_server_sched.c:955: in _assign(): info: assigning task T1 to worker W1
1766641405.228858: 122380-7f7fe89fe700: cdpl_server_ipc.c:857: in _sv_on_finish(): info: worker W1 completed task T1
1766641405.229046: 122380-7f7fe81fd700: cdpl_server_sched.c:955: in _assign(): info: assigning task T4 to worker W1
1766641456.398695: 122380-7f7fe89fe700: cdpl_server_ipc.c:857: in _sv_on_finish(): info: worker W1 completed task T4
1766641456.398859: 122380-7f7fe81fd700: cdpl_server_sched.c:955: in _assign(): info: assigning task T7 to worker W1
1766641507.548573: 122380-7f7fe89fe700: cdpl_server_ipc.c:857: in _sv_on_finish(): info: worker W1 completed task T7
1766641507.548748: 122380-7f7fe81fd700: cdpl_server_sched.c:955: in _assign(): info: assigning task T3 to worker W1
1766641558.708116: 122380-7f7fe89fe700: cdpl_server_ipc.c:857: in _sv_on_finish(): info: worker W1 completed task T3
1766641558.708276: 122380-7f7fe81fd700: cdpl_server_sched.c:955: in _assign(): info: assigning task T6 to worker W1
1766641582.113949: 122380-7f7fffeb60c0: cdpl_compat_master.c:5181: in cdplMasterLogInfo(): info: [non-CDPL log entry] Releasing core licenses
1766641610.088634: 122380-7f7fe89fe700: cdpl_server_ipc.c:857: in _sv_on_finish(): info: worker W1 completed task T6
1766642211.140524: 122380-7f7fe91ff700: cdpl_ipc.c:745: in _readv(): warning: read(): EOF
