 ****** PrimeSim HSPICE -- V-2023.12-SP2-2 linux64 (Aug 05 2024 9120765) ******
  Copyright (c) 1986 - 2025 by Synopsys, Inc. All Rights Reserved.
  This software and the associated documentation are proprietary
  to Synopsys, Inc. This software may only be used in accordance
  with the terms and conditions of a written license agreement with
  Synopsys, Inc. All other use, reproduction, or distribution of
  this software is strictly prohibited.
  Input File: deck.cir                                                          
  Command line options: /tools/Synopsys/hspice/V-2023.12-SP2-2/hspice/linux64/hspice deck.cir -o deck
  Start time: Fri Dec 19 13:07:39 2025
 lic:  
 lic: FLEXlm: SDK_12.11.9.5 
 lic: USER:   zhengyj              HOSTNAME: cad52 
 lic: HOSTID: 35343131             PID:      59261 
 lic: Using FLEXlm license file: 
 lic: 1701@lic_server 
 lic: Checkout 1 hspice 
 lic: License/Maintenance for hspice will expire on 19-mar-2027/2024.09 
 lic: 1(in_use)/30(total) FLOATING license(s) on SERVER 1701@lic_server 
 lic:   
  **error** (/data/zhengyj/OTFT_stdlib/my_library_LTPS/netlists/AND2D1.cdl:6) unable to open file "subckts/AND2D1.cdl.pex" . Either the file doesn't exist or the path is wrong. Please enter the correct file location. 

               ***** job aborted
 lic: Release hspice token(s) 
 lic: total license checkout elapse time:       50.12(s)
