###############################################################
#  Generated by:      Cadence Innovus 19.13-s080_1
#  OS:                Linux x86_64(Host ID cad52)
#  Generated on:      Mon Jan  5 21:17:21 2026
#  Design:            half_adder
#  Command:           checkDesign -all
###############################################################
Design: half_adder

------ Design Summary:
Total Standard Cell Number   (cells) : 8
Total Block Cell Number      (cells) : 0
Total I/O Pad Cell Number    (cells) : 0
Total Standard Cell Area     ( um^2) : 13149000.00
Total Block Cell Area        ( um^2) : 0.00
Total I/O Pad Cell Area      ( um^2) : 0.00

------ Design Statistics:

Number of Instances            : 8
Number of Non-uniquified Insts : 7
Number of Nets                 : 14
Average number of Pins per Net : 2.07
Maximum number of Pins in Net  : 3

------ I/O Port summary

Number of Primary I/O Ports    : 6
Number of Input Ports          : 4
Number of Output Ports         : 2
Number of Bidirectional Ports  : 0
Number of Power/Ground Ports   : 2



------------------------------------------------------------
Detail report:


------ I/O Pad/Port Checking


